[www.algorand.foundation/build-a-bull-hackathonbb6c.html]
[backblue.gif]
[fade.gif]
[index.html]
[assets-global.website-files.com/62d96b0e9ea60fd1c96a1b50/css/algor.webflow.960d47c94.css]
[assets-global.website-files.com/62835f42aef969049eba0806/62d0550ecf756b5bde4a4e15_62ad7c27450de1398a077422_a-32.png]
[assets-global.website-files.com/62835f42aef969049eba0806/62ad7c2bbb3c55743c3d545b_a-256.png]
[www.algorand.foundation/build-a-bull-hackathon.html]
[static.memberstack.com/scripts/v1/memberstack.js]
[cdn.jsdelivr.net/npm/@finsweet/cookie-consent@1/fs-cc.js]
[js-eu1.hs-scripts.com/26119259.js]
[static.ads-twitter.com/uwt.js]
[js-eu1.hsforms.net/forms/embed/v2.js]
[www.algorand.foundation/build-a-bull-hackathon-faqs.html]
[www.algorand.foundation/build-a-bull-hackathonff1f.html]
[www.algorand.foundation/team.html]
[www.algorand.foundation/boards.html]
[www.algorand.foundation/careers.html]
[www.algorand.foundation/internship-program.html]
[www.algorand.foundation/brand-guidelines.html]
[www.algorand.foundation/contact-us.html]
[www.algorand.foundation/the-algo.html]
[www.algorand.foundation/tokenomics.html]
[www.algorand.foundation/events.html]
[www.algorand.foundation/university-programs.html]
[www.algorand.foundation/impact-sustainability.html]
[www.algorand.foundation/impact-summit.html]
[www.algorand.foundation/news.html]
[www.algorand.foundation/ecosystem.html]
[www.algorand.foundation/defi.html]
[www.algorand.foundation/oracle-bridges.html]
[www.algorand.foundation/governance.html]
[www.algorand.foundation/funding.html]
[www.algorand.foundation/discounted-service-providers.html]
[www.algorand.foundation/developers.html]
[www.algorand.foundation/governance-committee.html]
[www.algorand.foundation/index.html]
[www.algorand.foundation/xgov.html]
[www.algorand.foundation/xgov-guide.html]
[www.algorand.foundation/governor-guide.html]
[www.algorand.foundation/community.html]
[www.algorand.foundation/resources.html]
[assets-global.website-files.com/62d96b0e9ea60fd1c96a1b50/64ef64eea87c670e42ef69c4_algo-bull.png]
[assets-global.website-files.com/62d96b0e9ea60fd1c96a1b50/65032fc3aa05a9a5f4e79702_Circle.png]
[assets-global.website-files.com/62d96b0e9ea60fd1c96a1b50/6509e59c01001a2652400497_aws.png]
[assets-global.website-files.com/62d96b0e9ea60fd1c96a1b50/650334ac116c814e537b7d03_Wormhole.png]
[assets-global.website-files.com/62d96b0e9ea60fd1c96a1b50/650335b42237709bd347ed6a_U_Logo_Black_RGB.png]
[assets-global.website-files.com/62d96b0e9ea60fd1c96a1b50/650890215d9fecf6956c5393_Trent-Barnes-cropped.png]
[assets-global.website-files.com/62d96b0e9ea60fd1c96a1b50/65088d475e062d801564693f_1686834788008 - Stan Low.jpg]
[assets-global.website-files.com/62d96b0e9ea60fd1c96a1b50/65088ecb747254c8e207fdc9_1614456828202 - Abdul Osman.jpg]
[assets-global.website-files.com/62d96b0e9ea60fd1c96a1b50/65088fde1062b7f7ceb8a010_mfer #2779 - Kezheng Jia.png]
[assets-global.website-files.com/62d96b0e9ea60fd1c96a1b50/650891252aeaac3f3fd8eab0_IMG_1658---Jonah-Burian_cropped.png]
[assets-global.website-files.com/62d96b0e9ea60fd1c96a1b50/65089197bd51d60413f15145_pic - Michael Rossman.png]
[assets-global.website-files.com/62d96b0e9ea60fd1c96a1b50/65089265741e8fedd230cb0c_headshot - Jorinda Hsu.png]
[assets-global.website-files.com/62d96b0e9ea60fd1c96a1b50/6508933c8245bab43af35c34_yigit-2---Yigit-Guler_cropped.png]
[assets-global.website-files.com/62d96b0e9ea60fd1c96a1b50/6508945e73d1c9557817aaa6_IMG_0965---Yasin-Çalışkan_cropped.png]
[assets-global.website-files.com/62d96b0e9ea60fd1c96a1b50/650894f7182baee37b1e1102_Captura de pantalla 2023-08-29 a la(s) 11.21.46 - Silvana Giovannetti Padro.png]
[assets-global.website-files.com/62d96b0e9ea60fd1c96a1b50/6508a5e22d2f91bd61bc1333_Captura-de-pantalla-2023-08-29-a-la(s)-11.26.05---Silvana-Giovannetti-Padro.png]
[assets-global.website-files.com/62d96b0e9ea60fd1c96a1b50/65089860b8124e8661526b7c_1648462237551 - Giuseppe Palazzolo.jpg]
[assets-global.website-files.com/62d96b0e9ea60fd1c96a1b50/6508a007e4ce207ea07eb5df_Abbie_kay.jpg]
[assets-global.website-files.com/62d96b0e9ea60fd1c96a1b50/6508a181c270b5d9a8c45c47_Robinson-Burkey.png]
[assets-global.website-files.com/62d96b0e9ea60fd1c96a1b50/6508a230882e83165537286c_Sarah-Abuagela.png]
[assets-global.website-files.com/62d96b0e9ea60fd1c96a1b50/6508a2b67d9474ba4613925c_headshot-linkedin - Philip Kwok.jpg]
[assets-global.website-files.com/62d96b0e9ea60fd1c96a1b50/6508a384e665cb75c2566e59_Foxi_15 - Steve Ferrigno.png]
[assets-global.website-files.com/62d96b0e9ea60fd1c96a1b50/6508a40ad04fa648b484535c_Matt-Keller.png]
[assets-global.website-files.com/62d96b0e9ea60fd1c96a1b50/6508a45bb6d21a6776f1ccde_1645054943682 - Joe Polny.jpg]
[assets-global.website-files.com/62d96b0e9ea60fd1c96a1b50/650abfb3ec65721655588526_JV-head-shot---jiten-varu.jpg]
[assets-global.website-files.com/62d96b0e9ea60fd1c96a1b50/650ac03cf47cf01adfdd34df_MGeigProfile2019_BW---Mike-Geig.jpg]
[assets-global.website-files.com/62d96b0e9ea60fd1c96a1b50/650ac0c38d6f54b13bda7125_Image-6---Daniel-Oon.jpg]
[assets-global.website-files.com/62d96b0e9ea60fd1c96a1b50/651f2b1f134194b356c74696_Jenks_Guo_speaker_photo_1---Jenks-Guo.png]
[assets-global.website-files.com/62d96b0e9ea60fd1c96a1b50/651f2b86f02881a183dbf120_Screenshot 2023-09-27 at 11.47.25 - Johanna Moran.png]
[assets-global.website-files.com/62d96b0e9ea60fd1c96a1b50/651f2c845ced8ca64c68fa7a_headshot---Alessandro-Cappellato-Ferrari.png]
[assets-global.website-files.com/62d96b0e9ea60fd1c96a1b50/651f2d008698371ad613406b_headshot - Bruno Martins.jpg]
[assets-global.website-files.com/62d96b0e9ea60fd1c96a1b50/65035008a29b3b588fcae0e0_blockchain-capital-vector-logo.png]
[assets-global.website-files.com/62d96b0e9ea60fd1c96a1b50/6503501e715abec6a85ada5a_Logo-Blockchain-Italia.io-S.r.l-nuovo-colore-1024x389-1.png]
[assets-global.website-files.com/62d96b0e9ea60fd1c96a1b50/6503504d9dde89c0fd648a13_Y4FDnivR_400x400.png]
[assets-global.website-files.com/62d96b0e9ea60fd1c96a1b50/6503508dec9b4a5e0332b846_DWF-Labs-logo-landscape-800px-transparent-black.png]
[assets-global.website-files.com/62d96b0e9ea60fd1c96a1b50/650350c5271276206499536c_LOGO FOLKS BLUE.png]
[assets-global.website-files.com/62d96b0e9ea60fd1c96a1b50/650350e966462c5cdddfc0ec_Gora.jpg]
[assets-global.website-files.com/62d96b0e9ea60fd1c96a1b50/65035108271276206499a9c1_Napster-logo.png]
[assets-global.website-files.com/62d96b0e9ea60fd1c96a1b50/650b38fb702a5d3b1774fa1e_one.png]
[assets-global.website-files.com/62d96b0e9ea60fd1c96a1b50/650351468fadc59390b38b9f_pera-logo-black.png]
[assets-global.website-files.com/62d96b0e9ea60fd1c96a1b50/65035161521e8603d3e27eab_primalcaptial.jpg]
[assets-global.website-files.com/62d96b0e9ea60fd1c96a1b50/650351887d85ea2f1fea7324_qpc.png]
[assets-global.website-files.com/62d96b0e9ea60fd1c96a1b50/650351a549aa116392d14887_radix.png]
[assets-global.website-files.com/62d96b0e9ea60fd1c96a1b50/650351c6ec9b4a5e033414b8_borderless.jpg]
[assets-global.website-files.com/62d96b0e9ea60fd1c96a1b50/64f0ce88d17efcaae25eba8b_algorand-logo.png]
[d3e54v103j8qbb.cloudfront.net/js/jquery-3.5.1.min.dc5e7f18c879f6.js]
[assets-global.website-files.com/62d96b0e9ea60fd1c96a1b50/js/webflow.37c26a3c7.js]
[cdnjs.cloudflare.com/ajax/libs/js-cookie/2.2.1/js.cookie.min.js]
[www.algorand.foundation/build-a-bull-hackathonbb6c.html]
[assets-global.website-files.com/62d96b0e9ea60fd1c96a1b50/64516468b35ca52685574f1a_nft-giveaway-hero.png]
[assets-global.website-files.com/62d96b0e9ea60fd1c96a1b50/64ef4f4e85742445d8267d04_Video-Placement.png]
[assets-global.website-files.com/62d96b0e9ea60fd1c96a1b50/65133d442ffbbbbb8d166169_impact-summit-hero.png]
[assets-global.website-files.com/62d96b0e9ea60fd1c96a1b50/63e3fcbb9e008bcc25d6e57d_noise-fine.png]
[assets-global.website-files.com/62d96b0e9ea60fd1c96a1b50/63e3fcbb9e008b2a49d6e56e_noise-coarse.png]
[assets-global.website-files.com/62d96b0e9ea60fd1c96a1b50/63e4100af62bdd9147b7653b_Screen Shot 2022-05-24 at 14.59.40.jpg]
[assets-global.website-files.com/62d96b0e9ea60fd1c96a1b50/6412057b110edeed28558b55_IMG_7845.jpg]
[assets-global.website-files.com/62d96b0e9ea60fd1c96a1b50/641205eeecaf7b54c096a5dc_IMG_7450.jpg]
[assets-global.website-files.com/62d96b0e9ea60fd1c96a1b50/6412061874217d5dff875ca9_IMG_7824.jpg]
[assets-global.website-files.com/62d96b0e9ea60fd1c96a1b50/641205b7f8854aa236f48c9f_IMG_7869.jpg]
[assets-global.website-files.com/62d96b0e9ea60fd1c96a1b50/64120595c41f3056e3bdbe0b_IMG_7871.jpg]
[assets-global.website-files.com/62d96b0e9ea60fd1c96a1b50/641212875b17a351ca80a4e5_Copy-of-AlgoOxfordEvent027.jpg]
[assets-global.website-files.com/62d96b0e9ea60fd1c96a1b50/6410c4caad28bad9cc8c0d8b_IMG_6909.jpg]
[assets-global.website-files.com/62d96b0e9ea60fd1c96a1b50/6412052afb4fa042572f2ef8_IMG_7860.jpg]
[assets-global.website-files.com/62d96b0e9ea60fd1c96a1b50/6440570f8b521974ea28209a_4.png]
[assets-global.website-files.com/62d96b0e9ea60fd1c96a1b50/644060822636d347e54a0a5f_6.png]
[assets-global.website-files.com/62d96b0e9ea60fd1c96a1b50/644061bd86b0583c524a7ad4_8.png]
[assets-global.website-files.com/62d96b0e9ea60fd1c96a1b50/644062911f7877e2dfa011e5_10.png]
[assets-global.website-files.com/62d96b0e9ea60fd1c96a1b50/644063566dbb8c63ee18c28a_12.png]
[assets-global.website-files.com/62d96b0e9ea60fd1c96a1b50/64406405fafd19209e8f7542_14.png]
[assets-global.website-files.com/62d96b0e9ea60fd1c96a1b50/64415ec818dc5f8d85a371a9_16.png]
[assets-global.website-files.com/62d96b0e9ea60fd1c96a1b50/64415fa0504effe942d4ca16_18.png]
[assets-global.website-files.com/62d96b0e9ea60fd1c96a1b50/6441603d4e183f24cabf4c86_20.png]
[assets-global.website-files.com/62d96b0e9ea60fd1c96a1b50/64f0abd19509113378e6da40_hackathon-card-bg-1.png]
[assets-global.website-files.com/62d96b0e9ea60fd1c96a1b50/64efa66da541a67ca19f8570_prize-background-1.png]
[assets-global.website-files.com/62d96b0e9ea60fd1c96a1b50/64f0abea4c94371878e7cace_hackathon-card-bg-2.png]
[assets-global.website-files.com/62d96b0e9ea60fd1c96a1b50/64f0ac0462f33df8c817ed0f_hackathon-card-bg-3.png]
[assets-global.website-files.com/62d96b0e9ea60fd1c96a1b50/6509f7089b8a6bab8c071118_Indu Bhushan.jpg]
[assets-global.website-files.com/62d96b0e9ea60fd1c96a1b50/6509fc4bebae25b70c6c84a2_SDewan Photo copy.jpg]
[assets-global.website-files.com/62d96b0e9ea60fd1c96a1b50/6511c602ba82103ccfa34e20_Mandala-1.png]
[assets-global.website-files.com/62d96b0e9ea60fd1c96a1b50/6511d7d25d18c701f1c112d7_sithamshu-manoj-bik_lIl9Nco-unsplash-1.png]
[assets-global.website-files.com/62d96b0e9ea60fd1c96a1b50/6511d9fbc15986fed558ee19_Screenshot 2023-09-24 at 18.17 1.png]
[assets-global.website-files.com/62d96b0e9ea60fd1c96a1b50/651342659b47d1637f753c87_digital-lifestyle-colombia-3.png]
[assets-global.website-files.com/62d96b0e9ea60fd1c96a1b50/6511e1c7670de0e8305c0fd0_wonderlane-w1s5H_3Zn48-unsplash-1.png]
[assets-global.website-files.com/62d96b0e9ea60fd1c96a1b50/6529950bb834132d5b868c67_image 3.png]
[assets-global.website-files.com/62d96b0e9ea60fd1c96a1b50/css/algor.webflow.960d47c94.css]
[www.algorand.foundation/build-a-bull-hackathon.html]
[www.googletagmanager.com/gtm5445.html]
[www.algorand.foundation/build-a-bull-hackathon-faqs.html]
[www.algorand.foundation/build-a-bull-hackathonff1f.html]
[www.algorand.foundation/general-faq.html]
[assets-global.website-files.com/62d96b0e9ea60f51f26a1b55/62d96b0e9ea60f3f2a6a262a_Adriana-Belotti.png]
[assets-global.website-files.com/62d96b0e9ea60f51f26a1b55/632331e78fa7a9f0158b9eae_Alessandro_Cappellato_Ferrari 2.jpg]
[assets-global.website-files.com/62d96b0e9ea60f51f26a1b55/633af7106e150d12aa986e24_Alexa Carr.jpg]
[assets-global.website-files.com/62d96b0e9ea60f51f26a1b55/634d840dea673e73651b64c9_Ana Bicho de Almeida.jpg]
[assets-global.website-files.com/62d96b0e9ea60f51f26a1b55/63a1ab6365bf7b6b729b7afe_Anil Kakani pic.jpg]
[assets-global.website-files.com/62d96b0e9ea60f51f26a1b55/62d96b0e9ea60f24756a262d_Autumn Moss Penaloza.png]
[assets-global.website-files.com/62d96b0e9ea60f51f26a1b55/62fa336f46f4800f84892c88_Camilo Molano.jpg]
[assets-global.website-files.com/62d96b0e9ea60f51f26a1b55/62d96b0e9ea60f00766a262e_Carol_NewTrsrs_2020 (13 de 52).jpg.png]
[assets-global.website-files.com/62d96b0e9ea60f51f26a1b55/62f1258f150fef331df18851_Celcilia.jpg]
[assets-global.website-files.com/62d96b0e9ea60f51f26a1b55/6352598a506ca36ef171c9d1_upbit_profile.png]
[assets-global.website-files.com/62d96b0e9ea60f51f26a1b55/62d96b0e9ea60f207b6a2630_Daniel Oon.png]
[assets-global.website-files.com/62d96b0e9ea60f51f26a1b55/630c843e57c56a7d65303621_PME_4330aa 4rs.jpg]
[assets-global.website-files.com/62d96b0e9ea60f51f26a1b55/637b50fc03cd6976950bf788_Danuta.jpg]
[assets-global.website-files.com/62d96b0e9ea60f51f26a1b55/63185cbbac2b794eec699072_DH_headshot_TAF.jpg]
[assets-global.website-files.com/62d96b0e9ea60f51f26a1b55/63173b1bdc251e770717b931_Devan Moorthy.jpg]
[assets-global.website-files.com/62d96b0e9ea60f51f26a1b55/62d96b0e9ea60fcae26a2632_Doro_Profile_Small.png]
[assets-global.website-files.com/62d96b0e9ea60f51f26a1b55/62d96b0e9ea60f08356a2628_Emma Barry Murphy.png]
[assets-global.website-files.com/62d96b0e9ea60f51f26a1b55/62d96b0e9ea60f35206a2696_Eric Wragge Smiling.jpg]
[assets-global.website-files.com/62d96b0e9ea60f51f26a1b55/632ae8a0a2e83983d9724a41_evangelina profile.jpg]
[assets-global.website-files.com/62d96b0e9ea60f51f26a1b55/62d96b0e9ea60f99aa6a2633_Evert Diaz.png]
[assets-global.website-files.com/62d96b0e9ea60f51f26a1b55/62d96b0e9ea60ffbe66a2635_Fred Estante.png]
[assets-global.website-files.com/62d96b0e9ea60f51f26a1b55/634d84ca13981b308311c6c0_Profile pic.jpg]
[assets-global.website-files.com/62d96b0e9ea60f51f26a1b55/62d96b0e9ea60f73936a263a_Jack O_Connor.png]
[assets-global.website-files.com/62d96b0e9ea60f51f26a1b55/6419d7bea2cc14749daf01e4_IMG_1940.png]
[assets-global.website-files.com/62d96b0e9ea60f51f26a1b55/63e6757ba3262506adbd5555_Jess-Profile-Pic.jpg]
[assets-global.website-files.com/62d96b0e9ea60f51f26a1b55/63a06f98889b46007098bccf_Joana Lacerda.jpg]
[assets-global.website-files.com/62d96b0e9ea60f51f26a1b55/62d96b0e9ea60fb64f6a263d_Joe Polny.png]
[assets-global.website-files.com/62d96b0e9ea60f51f26a1b55/62fe0a1b62ec2dfb7eaf7f7a_Jo Profile.jpg]
[assets-global.website-files.com/62d96b0e9ea60f51f26a1b55/642eab52b248ccadc175987a_asd.jpg]
[assets-global.website-files.com/62d96b0e9ea60f51f26a1b55/62d96b0e9ea60fe9ea6a2629_1_ John_Woods_CHQ_June_14_2022_0086 copy.png]
[assets-global.website-files.com/62d96b0e9ea60f51f26a1b55/62d96b0e9ea60f48296a263e_Kimberley Chang.png]
[assets-global.website-files.com/62d96b0e9ea60f51f26a1b55/64392829463e60f76bdbfd3b_lauren-photo.jpg]
[assets-global.website-files.com/62d96b0e9ea60f51f26a1b55/643927856d20a581424f4473_Margarida Soares.jpg]
[assets-global.website-files.com/62d96b0e9ea60f51f26a1b55/62d96b0e9ea60f05fd6a2640_matt-keller-headshot.png]
[assets-global.website-files.com/62d96b0e9ea60f51f26a1b55/63c161cf364d232a28f0b7cf_Capture mayra 3.jpg]
[assets-global.website-files.com/62d96b0e9ea60f51f26a1b55/62d96b0e9ea60f5c586a2642_Michele Treccani.png]
[assets-global.website-files.com/62d96b0e9ea60f51f26a1b55/6374ae91e94f9485f0b84cd8_m.wei_1308261484_34.jpg]
[assets-global.website-files.com/62d96b0e9ea60f51f26a1b55/63b5452107797450ad0c4e99_Mohita Gupta.jpg]
[assets-global.website-files.com/62d96b0e9ea60f51f26a1b55/62d96b0e9ea60f4ee76a2643_Ori Shem-Tov-01.png]
[assets-global.website-files.com/62d96b0e9ea60f51f26a1b55/62fa30bfd42bad8472733993_Rayan Khalil - Pic Updated.png]
[assets-global.website-files.com/62d96b0e9ea60f51f26a1b55/634d842b0253ff037f4ddc18_Fox Headshot.png]
[assets-global.website-files.com/62d96b0e9ea60f51f26a1b55/62d96b0e9ea60f45026a2649_ryan terribilini pic.png]
[assets-global.website-files.com/62d96b0e9ea60f51f26a1b55/62d96b0e9ea60f1edf6a2646_Shamir Ozery.png]
[assets-global.website-files.com/62d96b0e9ea60f51f26a1b55/6329add0b276575231460fea_Shane McGovern.jpg]
[assets-global.website-files.com/62d96b0e9ea60f51f26a1b55/62d96b0e9ea60f07226a2645_Silvana.png]
[assets-global.website-files.com/62d96b0e9ea60f51f26a1b55/63060303c12f426cc88389f5_simon_bonanno.jpg]
[assets-global.website-files.com/62d96b0e9ea60f51f26a1b55/62d96b0e9ea60fbca76a2697_Opt 2 - 1x1_social (1).png]
[assets-global.website-files.com/62d96b0e9ea60f51f26a1b55/634ed1b2ca318858534953bc_Steve F.png]
[assets-global.website-files.com/62d96b0e9ea60f51f26a1b55/62fb695d2fcf228ea1a9a989_Stephane Barroso.jpg]
[assets-global.website-files.com/62d96b0e9ea60f51f26a1b55/62d96b0e9ea60f7d7d6a2648_Summer Miao.png]
[assets-global.website-files.com/62d96b0e9ea60f51f26a1b55/636918edbd6f079548e38c08_WhatsApp Image 2022-10-27 at 1.40.36 PM.jpg]
[www.algorand.foundation/news/carbon-neutral.html]
[www.algorand.foundation/privacy-policy.html]
[www.algorand.foundation/disclaimers.html]
[www.algorand.foundation/team.html]
[js-eu1.hsforms.net/forms/v2.js]
[assets-global.website-files.com/62d96b0e9ea60f51f26a1b55/63bc24756dfb8480dc423a42_Chris image.jpg]
[assets-global.website-files.com/62d96b0e9ea60f51f26a1b55/63b9a21346576dcfa29fe46b_Philippe Taverne Profile pic.jpg]
[assets-global.website-files.com/62d96b0e9ea60f51f26a1b55/62d96b0e9ea60f00556a1e00_dan.jpg]
[assets-global.website-files.com/62d96b0e9ea60f51f26a1b55/62d96b0e9ea60f04e06a1ddc_bryan.jpg]
[www.algorand.foundation/boards.html]
[www.algorand.foundation/careers.html]
[www.algorand.foundation/internship-program.html]
[algorandfoundation.bamboohr.com/js/embed.js]
[www.algorand.foundation/brand-guidelines.html]
[www.algorand.foundation/contact-us.html]
[cdn.jsdelivr.net/npm/@finsweet/attributes-cmsload@1/cmsload.js]
[assets-global.website-files.com/62d96b0e9ea60f51f26a1b55/62d96b0e9ea60f68016a24b0_ef434dec-7364-42d1-9796-428e44d52b1f_Coinbase-Pro-Logo.png]
[assets-global.website-files.com/62d96b0e9ea60f51f26a1b55/62d96b0e9ea60f41826a24da_a94315a7-dab1-4c00-835d-8103ccbe3a06_kraken-logo-1024x568.png]
[assets-global.website-files.com/62d96b0e9ea60f51f26a1b55/62d96b0e9ea60f02a16a24df_cc9ab48a-5607-4f26-9f3e-2bc96824cded_OKEx.png]
[assets-global.website-files.com/62d96b0e9ea60f51f26a1b55/62d96b0e9ea60f55c06a24af_444b81e0-cf86-4491-bc6f-6f2a82faed35_Bithumb.png]
[assets-global.website-files.com/62d96b0e9ea60f51f26a1b55/62d96b0e9ea60fbce46a257d_Crypto.com logo.jpg]
[assets-global.website-files.com/62d96b0e9ea60f51f26a1b55/62d96b0e9ea60f0a926a24eb_3d06bc55-6241-4255-84c3-46932c66a647_kucoin.png]
[assets-global.website-files.com/62d96b0e9ea60f51f26a1b55/62d96b0e9ea60f06656a253c_7F10B24E035DDE3D.png]
[assets-global.website-files.com/62d96b0e9ea60f51f26a1b55/62d96b0e9ea60f63296a24c1_72b16ab7-6192-4d79-8f82-ea623fd41f1e_GrW3Im0w_400x400.png]
[www.algorand.foundation/the-algof5a1.html]
[assets-global.website-files.com/62d96b0e9ea60f51f26a1b55/62d96b0e9ea60ffa126a2583_Bitpie Logo.jpg]
[assets-global.website-files.com/62d96b0e9ea60f51f26a1b55/62d96b0e9ea60fdfe26a24cf_57397003-3965-4b0c-a828-fc7251fe4393_Cobo.png]
[assets-global.website-files.com/62d96b0e9ea60f51f26a1b55/62d96b0e9ea60fbf9c6a24d1_0a2906ac-f2cb-447c-a7c3-5eef20670513_Exodus.png]
[assets-global.website-files.com/62d96b0e9ea60f51f26a1b55/62d96b0e9ea60f589a6a2580_ATomic Wallet logo.jpg]
[assets-global.website-files.com/62d96b0e9ea60f51f26a1b55/62d96b0e9ea60fd8906a24d8_93326ff3-7768-4450-bc36-22aacfd5e36e_guarda-shield-logo.png]
[assets-global.website-files.com/62d96b0e9ea60f51f26a1b55/65184202b33f87e6f48ece57_PastedGraphic-9 (1).png]
[www.algorand.foundation/the-algo332c.html]
[www.algorand.foundation/the-algo.html]
[www.algorand.foundation/tokenomics.html]
[cdn.jsdelivr.net/npm/@finsweet/attributes-cmsfilter@1/cmsfilter.js]
[assets-global.website-files.com/62d96b0e9ea60f51f26a1b55/652403b85ef1ee869f16888b_Screenshot 2023-10-09 at 14.12.02.png]
[assets-global.website-files.com/62d96b0e9ea60f51f26a1b55/650431f63af2e2bd36a933cc_AlgoGyaan Final Poster (1).jpg]
[assets-global.website-files.com/62d96b0e9ea60f51f26a1b55/650af221fc2bd09d1285e305_Algorand Global Hackathon 16x9_OP2 (1).png]
[assets-global.website-files.com/62d96b0e9ea60f51f26a1b55/65173c967c7dbf3bb91878b9_Copy of For screens - Youtube Thumbnail - EN 2 (16).png]
[assets-global.website-files.com/62d96b0e9ea60f51f26a1b55/6524011968e41ccf4e597aff_6.png]
[assets-global.website-files.com/62d96b0e9ea60f51f26a1b55/652401009a7ff1d3769bebd3_2.png]
[assets-global.website-files.com/62d96b0e9ea60f51f26a1b55/652400e79d3d76d3338831e8_4.png]
[assets-global.website-files.com/62d96b0e9ea60f51f26a1b55/651736272fa3ee1dcd6cb706_Algorand Hacker House - Hubspot.png]
[assets-global.website-files.com/62d96b0e9ea60f51f26a1b55/652034192b2142649ca1bc84_Copy of LIS23 Social template guidelines for partners.png]
[assets-global.website-files.com/62d96b0e9ea60f51f26a1b55/651aa9c303f225dc690cb557_summit.jpg]
[assets-global.website-files.com/62d96b0e9ea60f51f26a1b55/633c31da2381e05dd33a9143_AXL LOgo.png]
[assets-global.website-files.com/62d96b0e9ea60f51f26a1b55/62fa3f87943e1be13a163ef2_AF Logo Black (stacked).png]
[assets-global.website-files.com/62d96b0e9ea60f51f26a1b55/62ebc8bee0329f6fba58fc62_Colored logo with Balck Font.png]
[assets-global.website-files.com/62d96b0e9ea60f51f26a1b55/633c314d6cc871f2dab6074f_Eterna Capital group-4@3x.png]
[www.algorand.foundation/events.html]
[assets-global.website-files.com/62d96b0e9ea60fd1c96a1b50/6482383c5667d3d7d93d4dc7_university-hero.png]
[assets-global.website-files.com/62d96b0e9ea60fd1c96a1b50/64829bedcad0995d3a24ec11_Silvio-Micali.png]
[assets-global.website-files.com/62d96b0e9ea60fd1c96a1b50/6482a0dae9837e9a2d62775a_discord-icon.png]
[assets-global.website-files.com/62d96b0e9ea60fd1c96a1b50/6482a0da587c8b68980b3d52_twitter-icon.png]
[www.algorand.foundation/university-programs.html]
[assets-global.website-files.com/62d96b0e9ea60fd1c96a1b50/63efaba42659b066af7f77c5_Matt Kelleher 01 (1).png]
[assets-global.website-files.com/62d96b0e9ea60f51f26a1b55/62d96b0e9ea60fae1e6a25fd_Ckimate Ride.jpg]
[assets-global.website-files.com/62d96b0e9ea60f51f26a1b55/63bfd7c2fd5587fe72bf6200_Wf3pJXR1_400x400 (1).jpg]
[assets-global.website-files.com/62d96b0e9ea60f51f26a1b55/62d96b0e9ea60f0a0d6a25cb_62be03f53c586b97fe940161_Flex Logo.png]
[assets-global.website-files.com/62d96b0e9ea60f51f26a1b55/62d96b0e9ea60f1bce6a25c2_Quantum Temple Logo.jpg]
[assets-global.website-files.com/62d96b0e9ea60f51f26a1b55/62d96b0e9ea60f204f6a25e2_SVPD_logo.png]
[assets-global.website-files.com/62d96b0e9ea60f51f26a1b55/62d96b0e9ea60f730f6a268e_TRAM Logo Black - Final.png]
[assets-global.website-files.com/62d96b0e9ea60f51f26a1b55/63c1385834c43232d62fcae1_logo-original-nosub.png]
[assets-global.website-files.com/62d96b0e9ea60f51f26a1b55/62f2c7ff0b52a692e706e807_Wholechain_Logo.png]
[assets-global.website-files.com/62d96b0e9ea60f51f26a1b55/63bfe12ec8f95fcd57c8bad4_ENjq_r61_400x400.jpg]
[www.algorand.foundation/news/hesabpay.html]
[www.algorand.foundation/news/wholechain-supply-chain-visibility.html]
[assets-global.website-files.com/62d96b0e9ea60fd1c96a1b50/63c16b57e867e47035ca3ec3_Wholechain Logo.png]
[www.algorand.foundation/impact-sustainability.html]
[assets-global.website-files.com/62d96b0e9ea60fd1c96a1b50/651d3a6b53a655340e58ea18_1654284304489.jpg]
[assets-global.website-files.com/62d96b0e9ea60fd1c96a1b50/6529aaa413ed5242e025b1b4_Berryhill-optimized.jpg]
[assets-global.website-files.com/62d96b0e9ea60fd1c96a1b50/6529ab00ac2fb6a71a9beebb_Bhushan-optimized.jpg]
[assets-global.website-files.com/62d96b0e9ea60fd1c96a1b50/6529ab571c34481e82f48c15_Biondi-optimized.jpg]
[assets-global.website-files.com/62d96b0e9ea60fd1c96a1b50/6529aba3722f7ce55dd25700_Brahim-optimized.jpg]
[assets-global.website-files.com/62d96b0e9ea60fd1c96a1b50/6529abee79cbf4ed073052cc_chaudry-optimized.jpg]
[assets-global.website-files.com/62d96b0e9ea60fd1c96a1b50/6529ac3fb52b8f95490e1820_dewan-optimized.jpg]
[assets-global.website-files.com/62d96b0e9ea60fd1c96a1b50/6511ea72756346924a02e24f_DSC00493 1.png]
[assets-global.website-files.com/62d96b0e9ea60fd1c96a1b50/6529ad0e6af926707a7ad1c9_hart-optimized.jpg]
[assets-global.website-files.com/62d96b0e9ea60fd1c96a1b50/65296a3b56c0342b5a0802d6_1697189889986.jpg]
[assets-global.website-files.com/62d96b0e9ea60fd1c96a1b50/652f98d0355b22cce2bfee0c_62d96b0e9ea60f05fd6a2640_matt-keller-headshot.png]
[assets-global.website-files.com/62d96b0e9ea60fd1c96a1b50/6511ec13dc849173cd725915_CKHighres 1.png]
[assets-global.website-files.com/62d96b0e9ea60fd1c96a1b50/6511ed0fc86398b194d49597_MSR Thub 1.png]
[assets-global.website-files.com/62d96b0e9ea60fd1c96a1b50/6511ed5b656f1bddbeb60ebc_DSC_6550 1.png]
[assets-global.website-files.com/62d96b0e9ea60fd1c96a1b50/6529ae5f6ee17080c6015f76_mehra-optimized.jpg]
[assets-global.website-files.com/62d96b0e9ea60fd1c96a1b50/6523c8f28b051edf586bde7c_1649159064211.jpg]
[assets-global.website-files.com/62d96b0e9ea60fd1c96a1b50/6529aeace4e95fb82f831882_Pont-optimized.jpg]
[assets-global.website-files.com/62d96b0e9ea60fd1c96a1b50/6529aeeb6af926707a7d4724_Raaj-optimized.jpg]
[assets-global.website-files.com/62d96b0e9ea60fd1c96a1b50/6529af4ce07171afc469320f_Raja-optimized.jpg]
[assets-global.website-files.com/62d96b0e9ea60fd1c96a1b50/6529af85b05ba5609d8812ea_Ranjan-optimized.jpg]
[assets-global.website-files.com/62d96b0e9ea60fd1c96a1b50/6511eedd7e4c9e3b11430be0_Sandra Ro Headshot 1.png]
[assets-global.website-files.com/62d96b0e9ea60fd1c96a1b50/6529aff8372f70ad04f9aa4b_Sharma-optimized.jpg]
[assets-global.website-files.com/62d96b0e9ea60fd1c96a1b50/65134b3876d8b280dfb9724f_IMG_8860 1.png]
[assets-global.website-files.com/62d96b0e9ea60fd1c96a1b50/6529b09c13ed5242e02cf843_C-Sinha-optimized.jpg]
[assets-global.website-files.com/62d96b0e9ea60fd1c96a1b50/6529b0deb62af154c448af9f_Teja-optimized.jpg]
[assets-global.website-files.com/62d96b0e9ea60fd1c96a1b50/652f9d51476aa8420ce44c8c_62d96b0e9ea60f45026a2649_ryan terribilini pic.png]
[assets-global.website-files.com/62d96b0e9ea60fd1c96a1b50/65134bf0982be6fb49783483_Passport Size Photo - Ashish J Thakkar 1.png]
[assets-global.website-files.com/62d96b0e9ea60fd1c96a1b50/652f9c93660c889e5693f0cf_62d96b0e9ea60fcae26a2632_Doro_Profile_Small-2.png]
[assets-global.website-files.com/62d96b0e9ea60fd1c96a1b50/6529b195222a1e9f8b8d355f_Vembu-optimized.jpg]
[assets-global.website-files.com/62d96b0e9ea60fd1c96a1b50/6529b1d8ac2fb6a71aa3d3eb_Warden-optimized.jpg]
[assets-global.website-files.com/62d96b0e9ea60fd1c96a1b50/652f99ab0305b7151c10d044_6374ae91e94f9485f0b84cd8_m.wei_1308261484_34-p-500.jpg]
[assets-global.website-files.com/62d96b0e9ea60fd1c96a1b50/652f9adfaff08c75fe6986e3_62d96b0e9ea60f35206a2696_Eric Wragge Smiling-p-500.jpg]
[assets-global.website-files.com/62d96b0e9ea60fd1c96a1b50/6529b212e07171afc46ca18c_Zaidi-optimized.jpg]
[www.algorand.foundation/impact-summit.html]
[www.algorand.foundation/news/how-to-win-web3-hackathon-survival-guide.html]
[assets-global.website-files.com/62d96b0e9ea60f51f26a1b55/650b2bf35f5efc25a2dfd1dc_Blog - Algorand Global Hackathon.png]
[www.algorand.foundation/news/algorand-bolsters-global-web3-ecosystem-with-strategic-investment-in-onramp-money.html]
[assets-global.website-files.com/62d96b0e9ea60f51f26a1b55/650996fe2fa6ac8c3b85c715_cQesG2WZoGV7kXGENfIzvR98fY2woxc4G2ez2iiJ--ywcEUOFTTKK3bDGvs4GKckflo-fGHt63dsZbgxRh1nyGWq6UyZ5CNCQuWGJ0miZ1nfur6pC9IzSgOeU0NhLHei]
[www.algorand.foundation/news/developers-how-to-level-up-from-web2-to-web3.html]
[assets-global.website-files.com/62d96b0e9ea60f51f26a1b55/65088359f5f5fc53b8acfa23_devs-level-up-2.png]
[www.algorand.foundation/news/ripio-and-algorand-join-forces-to-offer-better-options-for-crypto-trading-in-latam.html]
[www.algorand.foundation/news/what-are-web3-domains.html]
[www.algorand.foundation/news6255.html]
[www.algorand.foundation/news.html]
[assets-global.website-files.com/62d96b0e9ea60f51f26a1b55/62d96b0e9ea60ff1ce6a2552_alammex logo.png]
[assets-global.website-files.com/62d96b0e9ea60f51f26a1b55/62d96b0e9ea60f654d6a2540_Algodex logo.png]
[assets-global.website-files.com/62d96b0e9ea60f51f26a1b55/64d293fbac1dd963fe3b2525_C3_400x400.jpg]
[assets-global.website-files.com/62d96b0e9ea60f51f26a1b55/62d96b0e9ea60fc82b6a2597_Folks FInance Logo.png]
[assets-global.website-files.com/62d96b0e9ea60f51f26a1b55/64d292d95e345878b00fcfe9_GARD 256x256.png]
[assets-global.website-files.com/62d96b0e9ea60f51f26a1b55/62d96b0e9ea60f75c56a264e_pact.png]
[assets-global.website-files.com/62d96b0e9ea60f51f26a1b55/62d96b0e9ea60fe3856a25ee_TinyMan Logo.jpg]
[assets-global.website-files.com/62d96b0e9ea60f51f26a1b55/652e9c96cb73cdb7aed2e037_J02KOV0up0m4BAWdusxji_gNIxa0-d50mb5slPjVGCDsLr7Axvq_JwcV3-3zJ_3ofViou_9BQmg0fAEZZYEykVEOrLtc8kHdACGoZfUGiqG45kaBkHFHvfWZOyv9-aIg]
[www.algorand.foundation/nfts.html]
[assets-global.website-files.com/62d96b0e9ea60f51f26a1b55/62d96b0e9ea60f83046a2473_62b17b0fc5f31a0bdcccda27_Screen Shot 2022-06-21 at 16.56.30.jpg]
[assets-global.website-files.com/62d96b0e9ea60f51f26a1b55/62d96b0e9ea60f6f2b6a258f_Aorist.png]
[assets-global.website-files.com/62d96b0e9ea60f51f26a1b55/62d96b0e9ea60f77c66a2546_STOI LOgo.png]
[assets-global.website-files.com/62d96b0e9ea60f51f26a1b55/62d96b0e9ea60fd6ec6a253a_62bb7052d3b3c84b5c534ea1_Dequency logo.png]
[assets-global.website-files.com/62d96b0e9ea60f51f26a1b55/62d96b0e9ea60f46086a2545_62bb7087be83684c558bf9de_OPulous logo website.png]
[assets-global.website-files.com/62d96b0e9ea60f51f26a1b55/62d96b0e9ea60f430f6a255d_Aegir Tactics Logo-min.png]
[assets-global.website-files.com/62d96b0e9ea60f51f26a1b55/62d96b0e9ea60f79916a255f_Alchemon_Logo.png]
[assets-global.website-files.com/62d96b0e9ea60f51f26a1b55/62d96b0e9ea60f24776a255e_Monsters Fracctal logo.png]
[assets-global.website-files.com/62d96b0e9ea60f51f26a1b55/62d96b0e9ea60fde2f6a25fb_playalloy logo.jpg]
[assets-global.website-files.com/62d96b0e9ea60f51f26a1b55/62d96b0e9ea60f4a6b6a255c_Polynize logo.png]
[assets-global.website-files.com/62d96b0e9ea60f51f26a1b55/62f2cc4f530a76bbb600f360_zone-3d-colored-logo-(3).png]
[assets-global.website-files.com/62d96b0e9ea60f51f26a1b55/62d96b0e9ea60f5fb76a260a_Algoseas_Assets-08 (4).png]
[assets-global.website-files.com/62d96b0e9ea60f51f26a1b55/62d96b0e9ea60f3b596a2526_AlgoMint-Color Logo.png]
[assets-global.website-files.com/62d96b0e9ea60f51f26a1b55/62d96b0e9ea60f949c6a2504_Flare logo-V2.png]
[assets-global.website-files.com/62d96b0e9ea60f51f26a1b55/62d96b0e9ea60fe4f86a2502_logo-light.png]
[assets-global.website-files.com/62d96b0e9ea60f51f26a1b55/637c99497744ca1c80a6d82e_london-bridge.png]
[assets-global.website-files.com/62d96b0e9ea60f51f26a1b55/62d96b0e9ea60f50416a258a_1fhcUOQe_400x400.jpg]
[assets-global.website-files.com/62d96b0e9ea60f51f26a1b55/62d96b0e9ea60f05e06a25eb_Wormhole Bridge.jpg]
[assets-global.website-files.com/62d96b0e9ea60f51f26a1b55/62d96b0e9ea60ffc1e6a2501_pNetwork logo.png]
[assets-global.website-files.com/62d96b0e9ea60f51f26a1b55/62d96b0e9ea60f88016a26fd_62c4a243cee7d3632f71deb5_communityIcon_g6w61va8b6191.png]
[assets-global.website-files.com/62d96b0e9ea60f51f26a1b55/62d96b0e9ea60f83c66a25ec_AIKON .png]
[assets-global.website-files.com/62d96b0e9ea60f51f26a1b55/62d96b0e9ea60f39b96a2604_AlgoExplorer.png]
[assets-global.website-files.com/62d96b0e9ea60f51f26a1b55/62d96b0e9ea60f2c5f6a2603_blockdaemonjpg.jpg]
[assets-global.website-files.com/62d96b0e9ea60f51f26a1b55/62d96b0e9ea60f4b6d6a25ea_Bloq.jpg]
[assets-global.website-files.com/62d96b0e9ea60f51f26a1b55/62d96b0e9ea60f54586a2600_Bleumi Logo.png]
[assets-global.website-files.com/62d96b0e9ea60f51f26a1b55/62d96b0e9ea60f25736a2606_Chainalysis_Logo_RGB_r.png]
[assets-global.website-files.com/62d96b0e9ea60f51f26a1b55/62d96b0e9ea60f52256a25ef_Cudos logo.png]
[assets-global.website-files.com/62d96b0e9ea60f51f26a1b55/62d96b0e9ea60f38386a266f_CurveGrid logo.jpg]
[assets-global.website-files.com/62d96b0e9ea60f51f26a1b55/62d96b0e9ea60feef46a25f9_Dedit logo-5.png]
[assets-global.website-files.com/62d96b0e9ea60f51f26a1b55/62d96b0e9ea60f6c2f6a25f8_mentat-logo.jpg]
[assets-global.website-files.com/62d96b0e9ea60f51f26a1b55/62d96b0e9ea60fffd86a2670_Metrika Logo file.png]
[assets-global.website-files.com/62d96b0e9ea60f51f26a1b55/62d96b0e9ea60f195b6a25f5_Orion Protocol .png]
[assets-global.website-files.com/62d96b0e9ea60f51f26a1b55/62d96b0e9ea60feb606a25f1_Parsiq .png]
[assets-global.website-files.com/62d96b0e9ea60f51f26a1b55/62d96b0e9ea60f3b086a2671_Pocket logo.jpg]
[assets-global.website-files.com/62d96b0e9ea60f51f26a1b55/62d96b0e9ea60f28e56a25f7_PureStake_Logo-Horizontal-340x156-300x138.png]
[www.algorand.foundation/ecosystem.html]
[assets-global.website-files.com/62d96b0e9ea60f51f26a1b55/62f123cf9c031057efa539f9_Yieldly.jpg]
[assets-global.website-files.com/62d96b0e9ea60f51f26a1b55/62d96b0e9ea60f40ee6a246f_Screen Shot 2022-06-21 at 9.36.20.jpg]
[assets-global.website-files.com/62d96b0e9ea60f51f26a1b55/62d96b0e9ea60f4fdd6a2038_Logo-Inline-Light-Transparent@2x-768x124.png]
[assets-global.website-files.com/62d96b0e9ea60f51f26a1b55/62d96b0e9ea60f69c16a24f6_62b4c19932654313513a27c4_image 53.png]
[assets-global.website-files.com/62d96b0e9ea60f51f26a1b55/630f60aaac35920f23039f05_Vestige.jpg]
[assets-global.website-files.com/62d96b0e9ea60f51f26a1b55/62d96b0e9ea60f799a6a1f04_fb3a7691-4625-45ac-bcad-2e3c9bf6d9ea_Tether_full_logo_dm.png]
[assets-global.website-files.com/62d96b0e9ea60f51f26a1b55/62d96b0e9ea60f49f46a1f5b_add8e59f-1d90-41ae-b01c-8363fef66464_eMoney.png]
[assets-global.website-files.com/62d96b0e9ea60f51f26a1b55/62d96b0e9ea60f7a076a24fd_d13f9737-22a7-422d-a9c1-31d1258198fe_Monerium.png]
[assets-global.website-files.com/62d96b0e9ea60f51f26a1b55/650da9e11af3ffbcb3b7ee1a_Messina Logo Light - T.png]
[www.algorand.foundation/defi.html]
[assets-global.website-files.com/62d96b0e9ea60fd1c96a1b50/64943d3d27d3e9f8fb6d2522_Equito - Icon@10x.png]
[assets-global.website-files.com/62d96b0e9ea60fd1c96a1b50/637b6734e3a0df9a80ffe288_silent-data.png]
[assets-global.website-files.com/62d96b0e9ea60fd1c96a1b50/637b680175082dd8498ecb7c_london-bridge.png]
[www.algorand.foundation/oracle-bridges.html]
[cdn.jsdelivr.net/npm/@finsweet/attributes-mirrorclick@1/mirrorclick.js]
[assets-global.website-files.com/62d96b0e9ea60fd1c96a1b50/62d96b0e9ea60f0e796a1d82_Frame%206015-2.png]
[assets-global.website-files.com/62d96b0e9ea60fd1c96a1b50/62d96b0e9ea60f31746a1e45_62bcc8680f843453b11f90f5_https___media.graphassets.png]
[assets-global.website-files.com/62d96b0e9ea60fd1c96a1b50/62d96b0e9ea60f6fb56a1e44_62bcc87f1f74cb315e3f41b0_https___media.graphassets (1).png]
[assets-global.website-files.com/62d96b0e9ea60fd1c96a1b50/62d96b0e9ea60f85d76a1e43_62bf2e45ac94b4127a6c9a28_Gard Logo J.png]
[ajax.googleapis.com/ajax/libs/jquery/3.6.0/jquery.min.js]
[www.algorand.foundation/governance.html]
[assets-global.website-files.com/62d96b0e9ea60f51f26a1b55/62d96b0e9ea60fa5b96a2589_b87d1aef-c399-4d8a-ab49-14a23f419ca3_logo-black-p9s033c9fbpcugq7wiiv8seqr2vdew44msfxzfuyiw.png]
[assets-global.website-files.com/62d96b0e9ea60f51f26a1b55/62d96b0e9ea60f850e6a25d8_c29a8db0-f76a-41d5-bf98-ef7cc84f7157_1circle-logo-black-en-hori-02.png]
[assets-global.website-files.com/62d96b0e9ea60f51f26a1b55/62d96b0e9ea60f96986a25bb_b253a68c-e9e6-4a18-a6ff-ddfba8907197_S6Eq0PQw_400x400.png]
[assets-global.website-files.com/62d96b0e9ea60f51f26a1b55/62d96b0e9ea60f6b4b6a25d0_085461a4-8a0f-46c4-91a6-b9d89562c443_full_margin_customcolor_customcolor.png]
[assets-global.website-files.com/62d96b0e9ea60f51f26a1b55/62d96b0e9ea60febbf6a2571_a69a84ea-b01e-4873-82d7-71d73cbfab5d_NjDqY2F3_400x400.png]
[assets-global.website-files.com/62d96b0e9ea60f51f26a1b55/62d96b0e9ea60fee776a25a7_df782bbb-c771-4e90-8f47-b02f0d28ea28_87465d45-9fea-4e80-a9df-8a98ceaa7fa3_ABI_logoI.png]
[assets-global.website-files.com/62d96b0e9ea60f51f26a1b55/62d96b0e9ea60f13176a2532_a0517e01-3762-4ec2-8d08-87b77712c885_logo-standard-ARGO-TOEKN.png]
[www.algorand.foundation/funding.html]
[www.algorand.foundation/fundingb1a5.html]
[assets-global.website-files.com/62d96b0e9ea60f51f26a1b55/65284a5b8a87a54895dc1dfb_WXDBA5mT_400x400.jpg]
[assets-global.website-files.com/62d96b0e9ea60f51f26a1b55/64ff0298ba858f945e863d9f__LsXq_QR_400x400.jpg]
[assets-global.website-files.com/62d96b0e9ea60f51f26a1b55/64e366c374dc49572b81a22e_free-aws-3215369-2673787.png]
[assets-global.website-files.com/62d96b0e9ea60f51f26a1b55/64c36e5a93f823cea21bdb25_ACGBDtW6_400x400.jpg]
[assets-global.website-files.com/62d96b0e9ea60f51f26a1b55/64b03c6857bb31b53b8eaba2_halborn.jpg]
[assets-global.website-files.com/62d96b0e9ea60f51f26a1b55/64b03cad461535d9d2c25f6d_ulum.jpg]
[assets-global.website-files.com/62d96b0e9ea60f51f26a1b55/64b03ccd6929bc97571db537_remoti.jpg]
[assets-global.website-files.com/62d96b0e9ea60f51f26a1b55/64b03d11cca5c2afd4fd30b1_kryptonite.jpg]
[assets-global.website-files.com/62d96b0e9ea60f51f26a1b55/64b03d3ea4e542d25ab23f29_so4Yw0RO_400x400.jpg]
[www.algorand.foundation/discounted-service-providers.html]
[www.algorand.foundation/developers.html]
[assets-global.website-files.com/62d96b0e9ea60fd1c96a1b50/650acf4a817c9f1e05ca4941_Algorand Global Hackathon 1x1 _OP2 (1).png]
[www.algorand.foundation/index4c96.html]
[www.algorand.foundation/index8b94.html]
[www.algorand.foundation/cookies.html]
[www.algorand.foundation/index.html]
[assets-global.website-files.com/62d96b0e9ea60f51f26a1b55/63fc7750c7e1053205f6ed8f_Knott Michael.png]
[assets-global.website-files.com/62d96b0e9ea60f51f26a1b55/63ef9f2d81de1f1930ed1656_Rueda Rylie.jpg]
[assets-global.website-files.com/62d96b0e9ea60f51f26a1b55/64c3703bdd6392edb0679b91_Andrew Kotulak.jpg]
[assets-global.website-files.com/62d96b0e9ea60f51f26a1b55/63ecc170f3741a5ac8b5543c_Biondi, Benedetto_Folks Finance.jpg]
[assets-global.website-files.com/62d96b0e9ea60f51f26a1b55/63ecc04eaae642ca64682bec_Matt Davies, MakerX.jpg]
[assets-global.website-files.com/62d96b0e9ea60f51f26a1b55/63ef57592fbcba2318d39268_Dahdah Michel.png]
[assets-global.website-files.com/62d96b0e9ea60f51f26a1b55/63ecc26b440983c8eb093740_Tyler pic.jpg]
[assets-global.website-files.com/62d96b0e9ea60f51f26a1b55/63ecbfb315389e143ae0f683_Broughton, Doug_Vendible.jpg]
[assets-global.website-files.com/62d96b0e9ea60f51f26a1b55/63ecbe61bf54c0a7ac574e95_Mapunga, Victor_FlexFinTx.jpg]
[assets-global.website-files.com/62d96b0e9ea60f51f26a1b55/645d060028d94ab8c74623b5_cotton michael.png]
[assets-global.website-files.com/62d96b0e9ea60f51f26a1b55/63ef5717a9bd7d7b212419e2_Zhang Matt.jpg]
[assets-global.website-files.com/62d96b0e9ea60f51f26a1b55/63ecbeac50c66981d9002309_N, Agash_Rand Gallery.jpg]
[assets-global.website-files.com/62d96b0e9ea60f51f26a1b55/63ecbf15e21c101c65d935e2_Mizzoni John.jpg]
[www.algorand.foundation/governance-committee.html]
[www.algorand.foundation/news/xgov-voting-session-1-report.html]
[assets-global.website-files.com/62d96b0e9ea60fd1c96a1b50/6421bebf9c47e35e06a34b53_checkmark.png]
[assets-global.website-files.com/62d96b0e9ea60fd1c96a1b50/6421bed1ffbaca3ee2324b98_x.png]
[www.algorand.foundation/xgov.html]
[assets-global.website-files.com/62d96b0e9ea60fd1c96a1b50/64b6afe1af481e3906f1e7e4_image2.jpg]
[assets-global.website-files.com/62d96b0e9ea60fd1c96a1b50/64b6b155e63f9b4120f0c977_image3.png]
[assets-global.website-files.com/62d96b0e9ea60fd1c96a1b50/64b6b208d9319278ae6eb78e_image1.png]
[www.algorand.foundation/xgov-guide.html]
[assets-global.website-files.com/62d96b0e9ea60fd1c96a1b50/64270c3b10ba20443dfe34d8_Screenshot 2023-03-31 173645.png]
[assets-global.website-files.com/62d96b0e9ea60fd1c96a1b50/6426d32fcf7f897f42981c87_MY ALgo w Ledger.jpg]
[assets-global.website-files.com/62d96b0e9ea60fd1c96a1b50/6426d4dc02569d0426ca56cd_unnamed (8).png]
[assets-global.website-files.com/62d96b0e9ea60fd1c96a1b50/6426d50007ee8382992f70ab_unnamed (9).png]
[assets-global.website-files.com/62d96b0e9ea60fd1c96a1b50/6426d5452c929a0e0ff1d158_unnamed (10).png]
[assets-global.website-files.com/62d96b0e9ea60fd1c96a1b50/6426d6115bae800b474fae2d_unnamed (11).png]
[www.algorand.foundation/governor-guide.html]
[www.algorand.foundation/community.html]
[www.algorand.foundation/resources.html]
[www.algorand.foundation/news/new-algorand-relay-node-running-pilot-now-live.html]
[www.algorand.foundation/general-faq.html]
[cdn.jsdelivr.net/npm/@splidejs/splide@4.0.2/dist/css/splide.min.css]
[www.algorand.foundation/news-categories/general.html]
[www.algorand.foundation/news/carbon-neutral.html]
[www.algorand.foundation/privacy-policy.html]
[www.algorand.foundation/disclaimers.html]
[assets-global.website-files.com/62d96b0e9ea60f51f26a1b55/62d96b0e9ea60f0c7e6a1ece_px-13e70e84-8cc9-4a1c-b64b-d1624e483fb6_IMG_2825+Kieron.jpg]
[assets-global.website-files.com/62d96b0e9ea60f51f26a1b55/62d96b0e9ea60f91a46a1dca_px-90bf02ad-3ee2-4d11-bbd9-0c11073d0910_Pino+Image.jpg]
[assets-global.website-files.com/62d96b0e9ea60f51f26a1b55/62d96b0e9ea60f2e9a6a1ebc_px-7190bf6b-248c-404a-9fe1-6b3c8b9eecdb_e5ea7c1d-8af2-4414-8bd6-5cbcbfb7d648_Guido+Molinari+2.jpg]
[cdn.jsdelivr.net/npm/@splidejs/splide@4.0.2/dist/js/splide.min.js]
[assets-global.website-files.com/62d96b0e9ea60f51f26a1b55/62d96b0e9ea60f50b36a24b1_18a83bd5-3f30-49f4-aa18-98e45a677bef_Coinbase+.png]
[assets-global.website-files.com/62d96b0e9ea60f51f26a1b55/62d96b0e9ea60f25fc6a24ae_9d891141-261c-48eb-8a7f-9db07e077827_Huobi+Global+.png]
[assets-global.website-files.com/62d96b0e9ea60f51f26a1b55/62d96b0e9ea60fe7d96a255a_5e5cb8cfa0e40ab03db809fb793b3dde76d93447-3424x359.png]
[assets-global.website-files.com/62d96b0e9ea60f51f26a1b55/62d96b0e9ea60f1e716a2537_download.jpg]
[assets-global.website-files.com/62d96b0e9ea60f51f26a1b55/62d96b0e9ea60f04986a24b2_3ab16fe7-d2b9-41b0-894a-3b26254f5651_HBTC.png]
[assets-global.website-files.com/62d96b0e9ea60f51f26a1b55/62d96b0e9ea60f1b386a2563_5a521ea62f93c7a8d5137fae (1).png]
[assets-global.website-files.com/62d96b0e9ea60f51f26a1b55/62d96b0e9ea60f417b6a24b6_304a16cb-400b-43ca-a565-e29e2b2ae4ac_CoinEgg.png]
[assets-global.website-files.com/62d96b0e9ea60f51f26a1b55/62d96b0e9ea60fca186a24b4_4f1ab8f2-ce14-4f61-bcc3-1386eeb66f19_TOKOK.png]
[assets-global.website-files.com/62d96b0e9ea60f51f26a1b55/62d96b0e9ea60f648b6a2562_800px-EXMO_logo.png]
[assets-global.website-files.com/62d96b0e9ea60f51f26a1b55/62d96b0e9ea60f67d66a2538_open_sesame_light.png]
[www.algorand.foundation/the-algo57f4.html]
[www.algorand.foundation/the-algof5a1.html]
[assets-global.website-files.com/62d96b0e9ea60f51f26a1b55/62d96b0e9ea60f96e16a24ca_bc830c30-7a05-41f3-a25f-a512b18ebdbd_Pera+Wallet+logo.png]
[assets-global.website-files.com/62d96b0e9ea60f51f26a1b55/62d96b0e9ea60fa6866a24e9_9590a029-306e-443e-b3ae-42e1325bc747_Trust+Wallet.png]
[assets-global.website-files.com/62d96b0e9ea60f51f26a1b55/62d96b0e9ea60fb6446a24d2_706c4a15-a157-4fc8-95cf-b96d3ade51c1_Blockchain+dot+com.png]
[assets-global.website-files.com/62d96b0e9ea60f51f26a1b55/62d96b0e9ea60f1e0a6a24c8_e8f96e3f-56a0-4601-ab8f-48162f987aa0_Ledger+.png]
[www.algorand.foundation/the-algo332c.html]
[www.algorand.foundation/news/hesabpay.html]
[assets-global.website-files.com/62d96b0e9ea60f51f26a1b55/632094e8724835f1e0d4130b_Algorand_Foundation_x_Wholechain_composite__1.jpg]
[www.algorand.foundation/news/wholechain-supply-chain-visibility.html]
[www.algorand.foundation/news/blockchain-developer-bootcamps-guide.html]
[www.algorand.foundation/news/how-to-win-web3-hackathon-survival-guide.html]
[www.algorand.foundation/news/algorand-bolsters-global-web3-ecosystem-with-strategic-investment-in-onramp-money.html]
[www.algorand.foundation/news/web2-vs-web3.html]
[www.algorand.foundation/news/what-is-a-dapp-decentralized-apps-explained.html]
[www.algorand.foundation/news/developers-how-to-level-up-from-web2-to-web3.html]
[www.algorand.foundation/news/ripio-and-algorand-join-forces-to-offer-better-options-for-crypto-trading-in-latam.html]
[www.algorand.foundation/news/how-to-get-a-crypto-wallet.html]
[www.algorand.foundation/news/what-is-a-web3-wallet.html]
[www.algorand.foundation/news/what-are-web3-domains.html]
[assets-global.website-files.com/62d96b0e9ea60f51f26a1b55/64bab3376c77e6f6c2639d87_blog-algokit-guide.png]
[assets-global.website-files.com/62d96b0e9ea60f51f26a1b55/652e9c97608db2f9bb99301d_DRXclUCXn4to-s-kRQ3nmvoT5TcbnYW09DgvkGbUjqx4Oi7pweTRjah677wH9hVOlg7CHy2n8U6GH2XMkDCCm8YSwVlRmmpnxIHHJhrqHfqpz_9kCHTHIcOIdBYAV7k0]
[assets-global.website-files.com/62d96b0e9ea60f51f26a1b55/652e9c97c7a19b06feb3ccfc_qH_1-wqspvaJic1INnUxeOEOn7SZQ9GBvJw_e0jzl1XViLuMhUZHF2fDitjR7Zrfz457DpqGRkcPD6Q-82cSvteZrErerD45bJybBprnDIda8pX4n24D8PnRrMGvCwEk]
[www.algorand.foundation/news/folks-finance-expands-to-bnb-chain-with-xalgo.html]
[www.algorand.foundation/news/university-program-update-what-were-doing-whats-on-next.html]
[assets-global.website-files.com/62d96b0e9ea60f51f26a1b55/64a5a445170cfcff18d3e397_K-UV4NAJWPJPodYnWjzgnI7zzEuvr7avkBzJEEiqJ_jMh0VecLAUJb-WC3VLeAOd2S1gmctQJ1-OOB4CF-CgChxeP36HKg0qu7rXDtldOTgfMnV7rXwYZTkw20ZRjRIk]
[assets-global.website-files.com/62d96b0e9ea60f51f26a1b55/64a5a6e9ee316f67486957be_blog-algorand-students-featured.png]
[assets-global.website-files.com/62d96b0e9ea60f51f26a1b55/650c726202b61e4845d18e5b_blog-dao-types.png]
[assets-global.website-files.com/62d96b0e9ea60f51f26a1b55/652ea3c2e582c8ebe11bb0df_blog-oracle-.png]
[assets-global.website-files.com/62d96b0e9ea60f51f26a1b55/650c2149ea773bf8a198134d_blog-dao.png]
[assets-global.website-files.com/62d96b0e9ea60f51f26a1b55/64edff78b51a218a795a6e2e_blog-mint-nft.png]
[www.algorand.foundation/news/why-the-future-of-gaming-is-built-on-blockchain.html]
[assets-global.website-files.com/62d96b0e9ea60f51f26a1b55/6482fd4e1f4ec6248ac21d72_blog-gaming-blockchain .png]
[www.algorand.foundation/newse4ba.html]
[www.algorand.foundation/news6255.html]
[assets-global.website-files.com/62d96b0e9ea60f51f26a1b55/62d96b0e9ea60f48976a250b_905b9423-5787-4631-8f16-0a59778016da_algoxnft_logo.png]
[assets-global.website-files.com/62d96b0e9ea60f51f26a1b55/636cd0b5a9189832e5349533_rv0u-4-p_400x400 (1).png]
[assets-global.website-files.com/62d96b0e9ea60f51f26a1b55/636cd2035ec10024e7415aca_Shufl.jpg]
[assets-global.website-files.com/62d96b0e9ea60f51f26a1b55/62d96b0e9ea60f6c596a2513_3923e43d-497e-4995-bcac-cc9498882402_dartroom_box_logo_colour_NB_5.png]
[assets-global.website-files.com/62d96b0e9ea60fd1c96a1b50/64076c7f764c831b724f6bf8_Lil Dirk.jpg]
[assets-global.website-files.com/62d96b0e9ea60f51f26a1b55/64ef5588b10747345be3a510_Copy of For screens - Blog post 1 (1).png]
[assets-global.website-files.com/62d96b0e9ea60f51f26a1b55/64930c9d8fa453d6cf43416e_blog-what-is-nft-art.png]
[www.algorand.foundation/nfts.html]
[assets-global.website-files.com/62d96b0e9ea60f51f26a1b55/62d96b0e9ea60f6c4f6a252e_90c28801-e481-4589-976b-294d8a94bd4d_AIKON+.png]
[assets-global.website-files.com/62d96b0e9ea60f51f26a1b55/62d96b0e9ea60fe7cd6a254c_68f82d9d-0ade-4c91-b492-066d4b681005_3209a0d9-1547-46a4-8c2e-07bb09f06ea3_algorand_intellij.png]
[assets-global.website-files.com/62d96b0e9ea60f51f26a1b55/62d96b0e9ea60f696d6a25e7_c3e5dc39-4145-46ef-abbd-2feaa9a51899_algocleanp.png]
[assets-global.website-files.com/62d96b0e9ea60f51f26a1b55/62d96b0e9ea60f46566a25d9_599f08a0-a5d8-4b39-8990-0e40b9569403_Algofi-01.png]
[assets-global.website-files.com/62d96b0e9ea60f51f26a1b55/62d96b0e9ea60f25966a256e_eb81b5e9-990c-45e9-92fe-0be73dec63a6_E3ErUp1n_400x400.png]
[assets-global.website-files.com/62d96b0e9ea60f51f26a1b55/62d96b0e9ea60f8d496a25ba_179470b1-eb09-4ef7-b4d6-f138a7d657aa_zTLtfP19_400x400.png]
[assets-global.website-files.com/62d96b0e9ea60f51f26a1b55/62d96b0e9ea60f77a96a254d_681efea2-6c6a-4963-9df2-2836d2219f8d_AlgoScan.png]
[www.algorand.foundation/fundingb1a5.html]
[www.algorand.foundation/funding131b.html]
[www.algorand.foundation/index4c96.html]
[assets-global.website-files.com/62d96b0e9ea60f51f26a1b55/64a6e1744255e8fde6877491_blog-bridging wrapped assets-2.png]
[www.algorand.foundation/index8b94.html]
[www.algorand.foundation/cookies.html]
[www.algorand.foundation/news/bridging-wrapped-assets-on-algorand-use-cases-benefits-and-opportunities.html]
[www.algorand.foundation/news/xgov-voting-session-1-report.html]
[assets-global.website-files.com/62d96b0e9ea60f51f26a1b55/6514341fbb6b247b18f75577_uzUkem6dYbcTpjvEFfVHM4UFPcVfwv_wDgotZr_o-3wTTTE9fsyyqFC1Pza4VMId8PRUrNYzzAU-eTcG30wKZUhpmJ3RwsBqfThEDDO4oC84RxuH1YBw6fWTBkHZKysn]
[assets-global.website-files.com/62d96b0e9ea60f51f26a1b55/6514341ef5a56e1cacc9817e_IXneOXWX4WxQxLwGX-R5sfAUwdKGR65BeKcIJHGb-JXyvPNmMAO-qd3rw0sc_vnEaUrqpW2EVsF8G9HNiVGKEvG6XSYtPsctIkanWDRvzw8re_oeCW1vcPvqjuRw7fQr]
[assets-global.website-files.com/62d96b0e9ea60f51f26a1b55/62d96b0e9ea60f1d266a241f_862f804b-0a4a-46a1-86f5-f0e4d92a1ffd_7000af7b-501d-4493-b078-674bd9c69a0a_ALG102-21Q2-AB_Community%2BRelay%2BNode%2BPilot_Linked]
[assets-global.website-files.com/62d96b0e9ea60f51f26a1b55/62d96b0e9ea60f6bfd6a2428_8d170a54-0cac-4111-bf9c-66532fc0d293_G50.png]
[assets-global.website-files.com/62d96b0e9ea60f51f26a1b55/62d96b0e9ea60f7f3b6a2426_5a43383c-fc4e-42aa-8d3a-f873998d9176_CSIR.png]
[assets-global.website-files.com/62d96b0e9ea60f51f26a1b55/62d96b0e9ea60fd5436a23e8_00204209-e971-41bf-8992-beb44c0fbe3c_Apps.jpg]
[assets-global.website-files.com/62d96b0e9ea60f51f26a1b55/62d96b0e9ea60fbcfd6a23a4_e760beee-4734-4b8a-adfc-cf4f3a83389d_AZ.jpg]
[assets-global.website-files.com/62d96b0e9ea60f51f26a1b55/62d96b0e9ea60f9a2b6a2427_5e663127-6741-48a6-b040-af6c7751ce1d_1500x500.jpg]
[assets-global.website-files.com/62d96b0e9ea60f51f26a1b55/62d96b0e9ea60f57f66a2425_1afe2dc3-b4ac-43a6-8814-f61325efdb71_Pyscript.png]
[assets-global.website-files.com/62d96b0e9ea60f51f26a1b55/62d96b0e9ea60f57636a2429_b6bda347-8a91-4be6-ac13-10386ff4363c_moneyfold.png]
[www.algorand.foundation/news/new-algorand-relay-node-running-pilot-now-live.html]
[cdn.jsdelivr.net/npm/@splidejs/splide@4.0.2/dist/css/splide.min.css]
[www.algorand.foundation/news/how-blockchain-is-disrupting-the-real-estate-industry.html]
[assets-global.website-files.com/62d96b0e9ea60f51f26a1b55/648336f1549ec5fa8652602f_blog-real estate-2.png]
[www.algorand.foundation/news/5-ways-blockchain-is-transforming-the-music-industry.html]
[assets-global.website-files.com/62d96b0e9ea60f51f26a1b55/647e147b446b59ed598a4df2_Blog Images 4 copy.png]
[www.algorand.foundation/news/algorand-foundation-sponsors-blockchain-week-australia.html]
[assets-global.website-files.com/62d96b0e9ea60f51f26a1b55/645c9d59ec1fdd691e913771_d177f304.png]
[www.algorand.foundation/news/blockchain-based-survivor-wallet-streamlines-relief-for-families-impacted-by-disasters-in-tennessee-and-florida.html]
[assets-global.website-files.com/62d96b0e9ea60f51f26a1b55/6450d532eba5aada7d9b7eba_Pic 2[85].jpg]
[www.algorand.foundation/news/how-blockchain-is-democratizing-the-real-estate-market.html]
[assets-global.website-files.com/62d96b0e9ea60f51f26a1b55/6425787925535942c5c34a99_IMG_2897.png]
[www.algorand.foundation/news-categories/general.html]
[assets-global.website-files.com/62d96b0e9ea60f51f26a1b55/62d96b0e9ea60f8e976a1fb0_86222521-714f-4a49-87e8-f7bb36102fc2_Earth+Day+logo-01.png]
[assets-global.website-files.com/62d96b0e9ea60f51f26a1b55/62d96b0e9ea60f42786a24b5_fea82dec-d59b-48dd-975b-b42e6e0bcd4d_MXC+.png]
[assets-global.website-files.com/62d96b0e9ea60f51f26a1b55/62d96b0e9ea60f6e616a24b7_eb35a4d7-c130-4945-9906-d9f862e7eb77_Bilaxy+p.ng.png]
[assets-global.website-files.com/62d96b0e9ea60f51f26a1b55/62d96b0e9ea60f310d6a253b_download (2).png]
[assets-global.website-files.com/62d96b0e9ea60f51f26a1b55/62d96b0e9ea60f29b06a257e_Bit BNS logo.png]
[assets-global.website-files.com/62d96b0e9ea60f51f26a1b55/62d96b0e9ea60f60d06a24c5_bb46619d-483e-4dea-a1e3-7b58d08a5580_37032508_201873847182301_1832975201642479616_n.png]
[assets-global.website-files.com/62d96b0e9ea60f51f26a1b55/62d96b0e9ea60f57066a253f_decoin.png]
[www.algorand.foundation/the-algo2e0f.html]
[www.algorand.foundation/the-algo57f4.html]
[www.algorand.foundation/transparency.html]
[www.algorand.foundation/education.html]
[assets-global.website-files.com/62d96b0e9ea60f51f26a1b55/64a7ca3a1b256233e26e68d8_blog-developer-bootcamps.png]
[www.algorand.foundation/news/blockchain-developer-bootcamps-guide.html]
[assets-global.website-files.com/62d96b0e9ea60f51f26a1b55/6491ccb15884c53e9621a146_blog-web2-web3-difference.png]
[www.algorand.foundation/news/web2-vs-web3.html]
[assets-global.website-files.com/62d96b0e9ea60f51f26a1b55/64a7c838a8469f04b1a3e693_blog-what-is-a-dapp.png]
[www.algorand.foundation/news/what-is-a-dapp-decentralized-apps-explained.html]
[assets-global.website-files.com/62d96b0e9ea60f51f26a1b55/64ef85c482ef3fd05a89a29c_Blog - How to get a crypto wallet.png]
[www.algorand.foundation/news/how-to-get-a-crypto-wallet.html]
[www.algorand.foundation/algorand-wallet.html]
[assets-global.website-files.com/62d96b0e9ea60f51f26a1b55/648c3b329599271f54022b6c_blog-what-is-web3-wallet.png]
[www.algorand.foundation/news/what-is-a-web3-wallet.html]
[www.algorand.foundation/news/folks-finance-expands-to-bnb-chain-with-xalgo.html]
[www.algorand.foundation/news/algorand-foundation-partners-with-blockchain-acceleration-foundation-to-accelerate-blockchain-student-clubs-across-the-american-continent.html]
[www.algorand.foundation/news/university-program-update-what-were-doing-whats-on-next.html]
[www.algorand.foundation/news/why-the-future-of-gaming-is-built-on-blockchain.html]
[assets-global.website-files.com/62d96b0e9ea60f51f26a1b55/64e386aaf766ac62aa6b6fbc_blog-node-blockchain.png]
[assets-global.website-files.com/62d96b0e9ea60f51f26a1b55/647a24475e9d8eb059793c46_7c9a7d93.png]
[www.algorand.foundation/news/how-blockchain-is-transforming-disaster-relief.html]
[assets-global.website-files.com/62d96b0e9ea60f51f26a1b55/64777f0bac180c83368ae36b_Blog Post 1.png]
[www.algorand.foundation/news/onramp-money-partners-with-algorand-to-expand-indian-access-to-financial-tools-and-the-digital-economy.html]
[www.algorand.foundation/news/book-io.html]
[assets-global.website-files.com/62d96b0e9ea60f51f26a1b55/64479042098c1f1ebabe3335_BookCover_00004 (1).png]
[www.algorand.foundation/newsf8ba.html]
[www.algorand.foundation/newse4ba.html]
[www.algorand.foundation/get-started.html]
[assets-global.website-files.com/62d96b0e9ea60f51f26a1b55/62d96b0e9ea60f17bb6a255b_algosigner.png]
[assets-global.website-files.com/62d96b0e9ea60f51f26a1b55/62d96b0e9ea60f5f1d6a25b1_a200e6d1-bd21-44d0-bb3c-a838e7b40945_hnATvJ-W_400x400.png]
[assets-global.website-files.com/62d96b0e9ea60f51f26a1b55/63297e22e8989d4d948767f5_allSpaceLogo_v1_bw (1).png]
[assets-global.website-files.com/62d96b0e9ea60f51f26a1b55/633d40c20ebfd1872f58ad4c_Full Logo.png]
[assets-global.website-files.com/62d96b0e9ea60f51f26a1b55/62d96b0e9ea60f775c6a25d7_f299f8f7-cb90-4843-8b45-9dc6d0791a7f_cb7472a5-eb32-443d-84ef-f72480c2d679.png]
[www.algorand.foundation/funding131b.html]
[www.algorand.foundation/funding741b.html]
[www.algorand.foundation/news/bridging-wrapped-assets-on-algorand-use-cases-benefits-and-opportunities.html]
[www.algorand.foundation/sign-up-as-a-governor.html]
[assets-global.website-files.com/62d96b0e9ea60f51f26a1b55/62d96b0e9ea60f8b636a23f4_ede0b36e-4489-4568-99a3-b26d2bc2b6a2_Distrubted+Validator+Systems.png]
[assets-global.website-files.com/62d96b0e9ea60f51f26a1b55/62d96b0e9ea60f64636a23b5_c6e24886-d055-4867-b10d-4e8eedbfb6e4_Ea+finance.jpeg]
[assets-global.website-files.com/62d96b0e9ea60f51f26a1b55/62d96b0e9ea60fb9a26a23f3_9b5a2bc3-9570-4497-9c03-f3a7aec65424_Always+passion.jpeg]
[assets-global.website-files.com/62d96b0e9ea60f51f26a1b55/62d96b0e9ea60f3bec6a23d7_7e46215d-c304-4b4d-a856-695488f41d4a_Bitcoin+Podcast.png]
[assets-global.website-files.com/62d96b0e9ea60f51f26a1b55/62d96b0e9ea60f786c6a23f6_a40afa81-7418-4e98-a8e7-2395945577d7_Uni+SOuthampton.jpeg]
[assets-global.website-files.com/62d96b0e9ea60f51f26a1b55/62d96b0e9ea60f1dbd6a242a_d6b5107b-c0c3-4ca9-a3f2-1b5777c00ecc_ystem+solid.png]
[assets-global.website-files.com/62d96b0e9ea60f51f26a1b55/62d96b0e9ea60f59556a242d_1ce9fca2-dddf-41b4-badb-ee5377ce0670_Node+Ops.png]
[www.algorand.foundation/news/how-blockchain-is-disrupting-the-real-estate-industry.html]
[www.algorand.foundation/news/5-ways-blockchain-is-transforming-the-music-industry.html]
[www.algorand.foundation/news/algorand-foundation-sponsors-blockchain-week-australia.html]
[www.algorand.foundation/news/blockchain-based-survivor-wallet-streamlines-relief-for-families-impacted-by-disasters-in-tennessee-and-florida.html]
[www.algorand.foundation/news/how-blockchain-is-democratizing-the-real-estate-market.html]
[www.algorand.foundation/_https_/assets-global.website-files.com/62d96b0e9ea60f51f26a1b55/62d96b0e9ea60faa3a6a266e_Algonaut Stars_002.html]
[www.algorand.foundation/_https_/assets-global.website-files.com/62d96b0e9ea60f51f26a1b55/62d96b0e9ea60fcfb36a2669_Aerial Pool_002.html]
[www.algorand.foundation/_https_/assets-global.website-files.com/62d96b0e9ea60f51f26a1b55/62d96b0e9ea60f7b3a6a266d_62d0221f7977b9292689ccb6_Icons-5.html]
[www.algorand.foundation/_https_/assets-global.website-files.com/62d96b0e9ea60f51f26a1b55/62d96b0e9ea60f6ee76a266c_Ink_002.html]
[www.algorand.foundation/_https_/assets-global.website-files.com/62872a4e5acf885370a374d8/62c72aa5fc0668a7d0a6c575_Brand Guidelines_001.html]
[www.algorand.foundation/_https_/assets-global.website-files.com/62d96b0e9ea60f51f26a1b55/62d96b0e9ea60f50c36a2609_Brand Guidelines_003.html]
[www.algorand.foundation/_https_/assets-global.website-files.com/62d96b0e9ea60f51f26a1b55/62d96b0e9ea60f4bfb6a266a_Tropical Falls_002.html]
[assets-global.website-files.com/62d96b0e9ea60f51f26a1b55/62d96b0e9ea60f6fde6a24b8_4dfff9ff-9872-476c-a47c-ca1168aaefca_Bittrex+.png]
[assets-global.website-files.com/62d96b0e9ea60f51f26a1b55/62d96b0e9ea60f088d6a2698_41r+eez29+L._SL500_.jpg]
[assets-global.website-files.com/62d96b0e9ea60f51f26a1b55/62d96b0e9ea60f79e76a24c0_b8d3f19a-04ec-4256-82ad-6ace276ed55d_Stealth+Ex.png]
[assets-global.website-files.com/62d96b0e9ea60f51f26a1b55/62d96b0e9ea60f10026a24c4_2802679d-810f-4fb3-97db-ba0c86d29a71_Change+Now+Logo.png]
[assets-global.website-files.com/62d96b0e9ea60f51f26a1b55/62d96b0e9ea60f6f9d6a253d_download.png]
[assets-global.website-files.com/62d96b0e9ea60f51f26a1b55/62d96b0e9ea60f5f366a24c7_5caa41ff-662b-424c-8851-40b763bc69d3_ff4MeHol_400x400.png]
[assets-global.website-files.com/62d96b0e9ea60f51f26a1b55/62d96b0e9ea60fbc5b6a24e1_f12b7604-abbb-44e7-bdaa-19c3cadcc213_Hotbit.png]
[assets-global.website-files.com/62d96b0e9ea60f51f26a1b55/62f12207232303c2e0639f50_CEX.IO.png]
[www.algorand.foundation/the-algo2e0f.html]
[www.algorand.foundation/algorand-vesting-report.html]
[www.algorand.foundation/events/algogyaan-weekly-webinar-every-friday.html]
[www.algorand.foundation/events/algorand-global-hackathon-build-a-bull.html]
[www.algorand.foundation/events/hacker-house-developer-bootcamp-intermediate-spanish.html]
[www.algorand.foundation/events/algodevs-open-developer-workshop.html]
[www.algorand.foundation/events/labitconf-2023.html]
[www.algorand.foundation/events/community-happy-hour.html]
[www.algorand.foundation/events/womens-breakfast-club.html]
[www.algorand.foundation/events/algorand-hacker-house-argentina-te-esperamos-in-spanish.html]
[www.algorand.foundation/events/web-summit-lisbon.html]
[www.algorand.foundation/events/algorand-impact-summit.html]
[www.algorand.foundation/_https_/assets-global.website-files.com/62d96b0e9ea60f51f26a1b55/64824d88f643a4a19509478f_AlgoBharat.html]
[www.algorand.foundation/_https_/assets-global.website-files.com/62d96b0e9ea60f51f26a1b55/64824dac19f4f873732ad735_AlgoHUB.html]
[www.algorand.foundation/_https_/assets-global.website-files.com/62d96b0e9ea60f51f26a1b55/64824e030a94f4a9fa0240fe_blockchain-acceleration-foundation.html]
[www.algorand.foundation/_https_/assets-global.website-files.com/62d96b0e9ea60f51f26a1b55/64824e1d9b87226290884cd7_CISSA.html]
[www.algorand.foundation/_https_/assets-global.website-files.com/62d96b0e9ea60f51f26a1b55/64824e49d24696d4492c3e3c_golden-gate-university-blockchain-law-society.html]
[www.algorand.foundation/_https_/assets-global.website-files.com/62d96b0e9ea60f51f26a1b55/64824e6bc046c16434f2e43f_polyu-blockchain-club.html]
[www.algorand.foundation/_https_/assets-global.website-files.com/62d96b0e9ea60f51f26a1b55/64824e9a1caa58769a1a6b9a_Kryptosphere.html]
[www.algorand.foundation/_https_/assets-global.website-files.com/62d96b0e9ea60f51f26a1b55/64824ecc1219f477b424f4de_monash-university.html]
[www.algorand.foundation/_https_/assets-global.website-files.com/62d96b0e9ea60f51f26a1b55/64824ee53239714c624605b1_nanyang-technological-university.html]
[www.algorand.foundation/_https_/assets-global.website-files.com/62d96b0e9ea60f51f26a1b55/64824f0160d3743dab63b784_nusa-putra-blockchain-club.html]
[www.algorand.foundation/_https_/assets-global.website-files.com/62d96b0e9ea60f51f26a1b55/64824f31e6213b74fbb478c7_princeton-blockchain-club.html]
[www.algorand.foundation/_https_/assets-global.website-files.com/62d96b0e9ea60f51f26a1b55/64824f5d432c62f16e2a1a55_rmit-blockchain-club.html]
[www.algorand.foundation/_https_/assets-global.website-files.com/62d96b0e9ea60f51f26a1b55/6482500154df340ffaab1e47_tsinghua-university-blockchain-association.html]
[www.algorand.foundation/_https_/assets-global.website-files.com/62d96b0e9ea60f51f26a1b55/6482502f1219f477b4270e89_universiti-sains-malaysia.html]
[www.algorand.foundation/_https_/assets-global.website-files.com/62d96b0e9ea60f51f26a1b55/6482504ce6213b74fbb633e5_university-network-for-cryptocurrency.html]
[www.algorand.foundation/_https_/assets-global.website-files.com/62d96b0e9ea60f51f26a1b55/648250711caa58769a1cfcf5_university-of-queensland-uq-blockchain-club.html]
[www.algorand.foundation/_https_/assets-global.website-files.com/62d96b0e9ea60f51f26a1b55/648250923b9679ed35de0fb5_university-of-technology-malaysia.html]
[www.algorand.foundation/news/why-impact-and-inclusion.html]
[www.algorand.foundation/news/algorands-leadership-in-blockchain-sustainability.html]
[www.algorand.foundation/news/canada-sailgp-partnership.html]
[www.algorand.foundation/news/st-vincent-de-paul-disaster-services-launches-kokua.html]
[www.algorand.foundation/news/ureca.html]
[www.algorand.foundation/_https_/assets-global.website-files.com/62d96b0e9ea60fd1c96a1b50/6514972b7ffbb5610eb8fc3d_Mandala-White-Trimmed-poster-00001.html]
[www.algorand.foundation/impact-summit-faqs.html]
[www.algorand.foundation/news/algorand-accelerate-2022.html]
[www.algorand.foundation/ace-news.html]
[www.algorand.foundation/news/important-xgov-announcement-you-can-update-your-xgov-controller-address.html]
[www.algorand.foundation/news/algorand-foundation-announces-build-a-bull-hackathon-in-collaboration-with-aws.html]
[www.algorand.foundation/news/algorand-foundation-integrates-with-metamask-snaps-framework.html]
[www.algorand.foundation/news/algorand-ventures-invests-in-defly.html]
[assets-global.website-files.com/62d96b0e9ea60fd1c96a1b50/642ee2be3549ce25f23be7f4_pera-wallet-create-account.png]
[assets-global.website-files.com/62d96b0e9ea60fd1c96a1b50/642ee5708d1257466376417c_pera-new-account.png]
[assets-global.website-files.com/62d96b0e9ea60fd1c96a1b50/642ee4ca204eb893414e226d_pera-review-account.png]
[assets-global.website-files.com/62d96b0e9ea60fd1c96a1b50/642ee5d66c5d47bc4e8455e6_pare-passpharse-prep.png]
[assets-global.website-files.com/62d96b0e9ea60fd1c96a1b50/642ee619cd275c0ea365cb25_pera-verify-passphrase.png]
[assets-global.website-files.com/62d96b0e9ea60fd1c96a1b50/642ee661af160b275c099bf3_pera-name-account.png]
[assets-global.website-files.com/62d96b0e9ea60fd1c96a1b50/642ee6a7df62a3a4c0e04a97_pera-account.png]
[www.algorand.foundation/algorand-wallet.html]
[assets-global.website-files.com/62d96b0e9ea60f51f26a1b55/6446a956373810259f652152_blockchain-acceleration-foundation.png]
[www.algorand.foundation/news/algorand-foundation-partners-with-blockchain-acceleration-foundation-to-accelerate-blockchain-student-clubs-across-the-american-continent.html]
[www.algorand.foundation/news/hesabpay-giving-access-to-resources-for-the-people-of-afghanistan.html]
[www.algorand.foundation/news/how-blockchain-is-transforming-disaster-relief.html]
[www.algorand.foundation/news/onramp-money-partners-with-algorand-to-expand-indian-access-to-financial-tools-and-the-digital-economy.html]
[www.algorand.foundation/news/book-io.html]
[assets-global.website-files.com/62d96b0e9ea60f51f26a1b55/64478e5d339d63c53dda7aed_Marvellous.jpg]
[assets-global.website-files.com/62d96b0e9ea60f51f26a1b55/6512b98167cc313ccf02ddc8_blog-DeFi-staking.png]
[assets-global.website-files.com/62d96b0e9ea60f51f26a1b55/63315773320e0e12c9c0a356_algorand-foudation-logo_black_300px.png]
[assets-global.website-files.com/62d96b0e9ea60f51f26a1b55/642ee2d3508c0f202090cbd0_Banner-lanzamiento-kit_Algorand4.jpg]
[assets-global.website-files.com/62d96b0e9ea60f51f26a1b55/6491fcda5a59207235906bfc_63315773320e0e12c9c0a356_algorand-foudation-logo_black_300px.png]
[www.algorand.foundation/newsf8ba.html]
[www.algorand.foundation/news64d6.html]
[www.algorand.foundation/news/flare-bridges-supagrant.html]
[www.algorand.foundation/news/messina-bridges-supagrant.html]
[www.algorand.foundation/news/icon-bridges-supagrant.html]
[assets-global.website-files.com/62d96b0e9ea60f51f26a1b55/62d96b0e9ea60f8b626a254f_13160e2c-55ed-46f6-9ae1-9e6d73c7dce7_AlgoSearch+Logo.png]
[assets-global.website-files.com/62d96b0e9ea60f51f26a1b55/62d96b0e9ea60f4b346a2625_7cfa6474-0f6b-4103-b0a9-a0b93c0f7927_Algoseas_Assets-08+(4).png]
[assets-global.website-files.com/62d96b0e9ea60f51f26a1b55/62d96b0e9ea60f8a9e6a2591_d10cb2da-5889-4010-8ce9-fb25feb30358_Althena+Logo.png]
[assets-global.website-files.com/62d96b0e9ea60f51f26a1b55/62d96b0e9ea60f4af06a253e_a6690733-f222-43be-aae0-5b8bf8282dc1_AssetBlock.png]
[assets-global.website-files.com/62d96b0e9ea60f51f26a1b55/62d96b0e9ea60f5c096a2535_99d50aba-03a6-4bde-a4fb-465cf11cc03c_attestiv_logo_new-02-1.png]
[assets-global.website-files.com/62d96b0e9ea60f51f26a1b55/62d96b0e9ea60f3c016a25ab_72bce299-e42b-4956-ad37-c2f26daddd7c_bSt06ZAX_400x400.png]
[assets-global.website-files.com/62d96b0e9ea60f51f26a1b55/62d96b0e9ea60f3bcd6a25bd_421dceec-9a1e-4559-b571-707b75a2e1d9_biu-logo.png]
[assets-global.website-files.com/62d96b0e9ea60f51f26a1b55/62d96b0e9ea60f59446a2567_1b2136e4-786f-4bca-9efb-c8dfd21469c6_Logo-Blockchain-Italia-X-digitalSME.png]
[assets-global.website-files.com/62d96b0e9ea60f51f26a1b55/62d96b0e9ea60fc71e6a252d_4d21888c-85ff-4a71-9877-1233b11ba8fb_Bloq.png]
[www.algorand.foundation/funding5680.html]
[www.algorand.foundation/funding741b.html]
[www.algorand.foundation/developer-greenhouse.html]
[www.algorand.foundation/_https_/assets-global.website-files.com/62d96b0e9ea60f51f26a1b55/63b595bab5411147087dde9a_cs_logo_black.html]
[www.algorand.foundation/_https_/assets-global.website-files.com/62d96b0e9ea60f51f26a1b55/63bfe4c116e5506f1921a1ef_Hesabpay Logo.html]
[www.algorand.foundation/_https_/assets-global.website-files.com/62d96b0e9ea60f51f26a1b55/63bc43809d502e5f8ea776a3_vendible logo home.html]
[www.algorand.foundation/_https_/assets-global.website-files.com/62d96b0e9ea60f51f26a1b55/62d96b0e9ea60fc82b6a2597_Folks FInance Logo.html]
[www.algorand.foundation/_https_/assets-global.website-files.com/62d96b0e9ea60f51f26a1b55/64d292d95e345878b00fcfe9_GARD 256x256.html]
[www.algorand.foundation/_https_/assets-global.website-files.com/62d96b0e9ea60f51f26a1b55/62d96b0e9ea60f40ee6a246f_Screen Shot 2022-06-21 at 9.36.20.html]
[www.algorand.foundation/_https_/assets-global.website-files.com/62d96b0e9ea60f51f26a1b55/62d96b0e9ea60f75c56a264e_pact.html]
[www.algorand.foundation/_https_/assets-global.website-files.com/62d96b0e9ea60f51f26a1b55/62f53109dbc7f790f624b055_Lofty ai.html]
[www.algorand.foundation/_https_/assets-global.website-files.com/62d96b0e9ea60f51f26a1b55/62d96b0e9ea60f4fdd6a2038_Logo-Inline-Light-Transparent@2x-768x124.html]
[www.algorand.foundation/_https_/assets-global.website-files.com/62d96b0e9ea60f51f26a1b55/62f530df364a090a8172b5c7_NFD Logo.html]
[www.algorand.foundation/xgov-how-to-submit-grant-proposals.html]
[www.algorand.foundation/news/algosigner-support-ending.html]
[www.algorand.foundation/wallet-security-best-practices.html]
[www.algorand.foundation/news/auction-redemption-complete.html]
[www.algorand.foundation/news/community-relay-node-program-live-march.html]
[www.algorand.foundation/news/algorand-governance-rewards-period-2.html]
[www.algorand.foundation/the-algod0d8.html]
[assets-global.website-files.com/62d96b0e9ea60f51f26a1b55/62d96b0e9ea60fbef36a24e4_1a376843-e618-46fc-b3c8-482473b4bffb_Primary+logo+on+dark+background.png]
[www.algorand.foundation/the-algoef82.html]
[www.algorand.foundation/the-algo78fe.html]
[www.algorand.foundation/news-categories/environment.html]
[www.algorand.foundation/news-categories/blog.html]
[www.algorand.foundation/news/how-to-become-a-blockchain-developer.html]
[www.algorand.foundation/news/what-is-a-hackathon-guide-to-web3-hackathons.html]
[www.algorand.foundation/news/what-is-nft-art.html]
[www.algorand.foundation/news/my-experience-using-algokit-with-zero-blockchain-knowledge.html]
[www.algorand.foundation/news/algofi-withdraws-from-the-targeted-defi-rewards-program.html]
[www.algorand.foundation/news/what-are-the-different-types-of-daos.html]
[www.algorand.foundation/news/what-is-an-oracle-in-blockchain.html]
[www.algorand.foundation/news/what-is-a-dao.html]
[www.algorand.foundation/news/how-to-mint-an-nft.html]
[www.algorand.foundation/newsa386.html]
[assets-global.website-files.com/62d96b0e9ea60f51f26a1b55/63761922735960ccc2ae46a4_Screen Shot 2022-11-16 at 4.52.28 PM.png]
[www.algorand.foundation/news/hesabpay-giving-access-to-resources-for-the-people-of-afghanistan.html]
[assets-global.website-files.com/62d96b0e9ea60f51f26a1b55/641c7fcd0404d2fb3c3bc542_flexID 01 (B).png]
[assets-global.website-files.com/62d96b0e9ea60f51f26a1b55/63e38fe72d06fb94859bf81d_algorand-foudation-logo_black_150px.png]
[assets-global.website-files.com/62d96b0e9ea60f51f26a1b55/647711cc112726fd89402de1_how-to-become-blockchain-developer.png]
[www.algorand.foundation/news/apac-accelerator-cohorts.html]
[assets-global.website-files.com/62d96b0e9ea60f51f26a1b55/63fdc855813f854045f1fe65_Black_full size.png]
[www.algorand.foundation/news64d6.html]
[www.algorand.foundation/create.html]
[www.algorand.foundation/nfts9370.html]
[www.algorand.foundation/news/arc-token-standards-explained-for-nft-creators.html]
[www.algorand.foundation/fundingf32d.html]
[assets-global.website-files.com/62d96b0e9ea60f51f26a1b55/62d96b0e9ea60f3bef6a25e3_5ef93a07-ab3a-45fe-b760-ebc73f5f7a44_logonavbar+(1).png]
[www.algorand.foundation/newsea34.html]
[assets-global.website-files.com/62d96b0e9ea60f51f26a1b55/62d96b0e9ea60f3a286a25a9_79601662-92c5-4cdb-b8f4-12b314344499_brixton-pound-pink-logo.png]
[assets-global.website-files.com/62d96b0e9ea60f51f26a1b55/62d96b0e9ea60f79686a25ac_5c958d95-c62f-4096-92bb-eda81f84a09b_tkpS2ppE_400x400.png]
[assets-global.website-files.com/62d96b0e9ea60f51f26a1b55/62d96b0e9ea60f82f76a2554_bb1d1e38-172a-481e-aee9-3417faf5a83c_Chainalysis_Logo_RGB_r.png]
[www.algorand.foundation/funding5680.html]
[www.algorand.foundation/_https_/assets-global.website-files.com/62d96b0e9ea60f51f26a1b55/64d293fbac1dd963fe3b2525_C3_400x400.html]
[www.algorand.foundation/_https_/assets-global.website-files.com/62d96b0e9ea60f51f26a1b55/62d96b0e9ea60f86986a260b_62a679aa2b9d421ff783aa56_image 39.html]
[www.algorand.foundation/_https_/assets-global.website-files.com/62d96b0e9ea60f51f26a1b55/62d96b0e9ea60fd3e76a1c70_62a679dc43d232514c2411aa_image 38.html]
[www.algorand.foundation/_https_/assets-global.website-files.com/62d96b0e9ea60f51f26a1b55/62d96b0e9ea60f3abf6a2691_Global-Carbon-Holding-Logo.html]
[www.algorand.foundation/_https_/assets-global.website-files.com/62d96b0e9ea60f51f26a1b55/62d96b0e9ea60f0a0d6a25cb_62be03f53c586b97fe940161_Flex Logo.html]
[www.algorand.foundation/_https_/assets-global.website-files.com/62d96b0e9ea60f51f26a1b55/62d96b0e9ea60fd6ec6a253a_62bb7052d3b3c84b5c534ea1_Dequency logo.html]
[www.algorand.foundation/_https_/assets-global.website-files.com/62d96b0e9ea60f51f26a1b55/62d96b0e9ea60f46086a2545_62bb7087be83684c558bf9de_OPulous logo website.html]
[www.algorand.foundation/_https_/assets-global.website-files.com/62d96b0e9ea60f51f26a1b55/62d96b0e9ea60f83046a2473_62b17b0fc5f31a0bdcccda27_Screen Shot 2022-06-21 at 16.56.30.html]
[www.algorand.foundation/indexb0c0.html]
[www.algorand.foundation/index4efc.html]
[www.algorand.foundation/index3ddb.html]
[www.algorand.foundation/news-categories/governance.html]
[www.algorand.foundation/news/from-india-to-nyc-algo-house-is-uniting-devs-and-founders-across-the-globe.html]
[www.algorand.foundation/news-categories/general39dd.html]
[www.algorand.foundation/the-algo66aa.html]
[www.algorand.foundation/news/flexid-identity-as-a-means-to-unlocking-every-humans-potential.html]
[www.algorand.foundation/news-categories/ace-news.html]
[www.algorand.foundation/ace.html]
[www.algorand.foundation/abc-clubs.html]
[www.algorand.foundation/ace-learning-resources.html]
[www.algorand.foundation/ace-publications-videos.html]
[www.algorand.foundation/sustainability.html]
[www.algorand.foundation/news/what-is-a-node-in-blockchain.html]
[www.algorand.foundation/news/nft-spotlight-algobambino.html]
[www.algorand.foundation/funding3ea4.html]
[www.algorand.foundation/news/apac-accelerator-cohorts.html]
[assets-global.website-files.com/62d96b0e9ea60f51f26a1b55/63f7ac84d6198a79d70a65d1_Turkey _ Syria.png]
[www.algorand.foundation/news/algorand-foundation-announces-broad-reaching-partnerships-in-india-to-grow-web3.html]
[assets-global.website-files.com/62d96b0e9ea60f51f26a1b55/631894d24cbb15d692837b8f_algorand-foudation-logo_black_500px.png]
[assets-global.website-files.com/62d96b0e9ea60f51f26a1b55/636e273fc3c481ca9a16273a_Governance Update Creative.jpg]
[assets-global.website-files.com/62d96b0e9ea60f51f26a1b55/639b48669b572d68ecef7ae4_Algo blockchain.png]
[www.algorand.foundation/newsea34.html]
[assets-global.website-files.com/62d96b0e9ea60f51f26a1b55/62d96b0e9ea60f2cf96a25b2_abb058bf-79a8-471a-8441-cde74160e8c8_Cudos+logo.png]
[assets-global.website-files.com/62d96b0e9ea60f51f26a1b55/62d96b0e9ea60f7b276a25db_dd8edef4-58f0-4473-a210-64741a34d907_CMU+logo.png]
[assets-global.website-files.com/62d96b0e9ea60f51f26a1b55/62d96b0e9ea60f161a6a2531_e88d901e-5a66-4b8b-a4e2-c41697a50f9d_Circle+ologo.png]
[assets-global.website-files.com/62d96b0e9ea60f51f26a1b55/62d96b0e9ea60f42a96a2622_cdb82329-8eb9-4aa7-bf22-996c16f9ba75_Cooperativ_Main_Logo_Symbol_Dark_Blue.png]
[assets-global.website-files.com/62d96b0e9ea60f51f26a1b55/63d7eb2df75cd903bff6c168_Creecon Logo.png]
[assets-global.website-files.com/62d96b0e9ea60f51f26a1b55/62d96b0e9ea60f4c6c6a2548_CrossLink logo.png]
[assets-global.website-files.com/62d96b0e9ea60f51f26a1b55/62d96b0e9ea60f27646a25d4_2485f8ad-4f10-4b56-89db-cc235ae74e7b_FINAL_logo_blue-CrowdX.png]
[assets-global.website-files.com/62d96b0e9ea60f51f26a1b55/62d96b0e9ea60f66ff6a25d2_a2952878-682b-47de-bd42-9514e309d92f_ces_square.png]
[assets-global.website-files.com/62d96b0e9ea60f51f26a1b55/63037037aa90855f6f489421_Ctrl-Alt_primary-logo_fill_white.png]
[www.algorand.foundation/funding3ea4.html]
[www.algorand.foundation/news-categories/infrastructure.html]
[www.algorand.foundation/news/tokenizing-airline-seats-the-biggest-nft-utility-case-yet.html]
[www.algorand.foundation/the-algo4d97.html]
[www.algorand.foundation/news-categories/partnerships.html]
[www.algorand.foundation/news-categories/nft.html]
[www.algorand.foundation/news/algorand-nfts-raise-funds-to-support-roald-dahls-marvellous-childrens-charity.html]
[www.algorand.foundation/news/what-is-defi-staking-how-does-it-work.html]
[www.algorand.foundation/news/targeted-defi-rewards-implementation-report-1.html]
[www.algorand.foundation/news/xgov-evolving-algorand-governance.html]
[www.algorand.foundation/news/algokit-introduces-web2-developer-experience-for-building-web3-applications-on-algorand.html]
[www.algorand.foundation/fundinge69a.html]
[www.algorand.foundation/news/algorand-foundation-announces-broad-reaching-partnerships-in-india-to-grow-web3.html]
[assets-global.website-files.com/62d96b0e9ea60f51f26a1b55/62d96b0e9ea60f5f086a2592_70253b0a-de0b-47cc-a72d-e54383216b0d_1500x500+(1).png]
[assets-global.website-files.com/62d96b0e9ea60f51f26a1b55/62d96b0e9ea60f23226a2565_ca872b1f-f60b-4812-99e7-b603ad1cc288_5d12836f-e3ff-44cc-a989-c32dfa0be252_image+(31).png]
[assets-global.website-files.com/62d96b0e9ea60f51f26a1b55/62d96b0e9ea60fc7ba6a2590_be3f5814-29df-42d1-ae4c-b9f4a8bb0269_DarshanaLogo.png]
[assets-global.website-files.com/62d96b0e9ea60f51f26a1b55/639b012f2342749fc603f2b9_DeCHO for algorand ecosystem Color Logo.png]
[www.algorand.foundation/fundinge69a.html]
[www.algorand.foundation/news/agenda-now-live-for-algorand-hack-house-hyderabad-march-24-26-sign-up-still-open-for-last-minute-applications.html]
[www.algorand.foundation/news/formal-notice-on-third-party-wallet-provider-myalgo-3-6-23.html]
[www.algorand.foundation/news/algorand-sdk-unity-asset-store.html]
[www.algorand.foundation/funding4388.html]
[assets-global.website-files.com/62d96b0e9ea60f51f26a1b55/62d96b0e9ea60f38276a257b_7dcb4e07-a918-4174-9706-b40330221154_DECHO+LOGO.png]
[assets-global.website-files.com/62d96b0e9ea60f51f26a1b55/62d96b0e9ea60f0ec66a25da_a56fbd3f-7fb7-4a1f-b644-f4eec3418822_Positive+Defactor+logo.png]
[assets-global.website-files.com/62d96b0e9ea60f51f26a1b55/62d96b0e9ea60ff2f16a25a0_d72cda02-cd50-44e2-a291-37091da80f6b_Defly+Logo.png]
[assets-global.website-files.com/62d96b0e9ea60f51f26a1b55/62d96b0e9ea60fe6136a2594_0633016f-7027-4b18-94f3-739ce4fd3539_Finclusive (1).png]
[www.algorand.foundation/funding4388.html]
[www.algorand.foundation/news/impact-disaster-relief-turkey-syria.html]
[www.algorand.foundation/news/essica-tsai-chin-cmo.html]
[www.algorand.foundation/news/improving-governance-flows-and-key-dates-for-governance-period-6.html]
[www.algorand.foundation/news/jump-into-web3-with-algorand.html]
[www.algorand.foundation/news/algorand-foundation-wraps-up-second-annual-decipher-conference-in-dubai.html]
[www.algorand.foundation/news/y9-announces-strategic-partnership-with-the-algorand-foundation-during-the-decipher-2022-conference-in-dubai.html]
[www.algorand.foundation/news/borderless-capital-announces-a-historic-collaboration-between-artist-nancy-baker-cahill-and-sophia-the-robot.html]
[www.algorand.foundation/newseb74.html]
[assets-global.website-files.com/62d96b0e9ea60f51f26a1b55/62d96b0e9ea60fd4896a25cd_8232a23a-192b-4cc9-bff5-dbba0f524b47_png+logo-01+E4e.png]
[assets-global.website-files.com/62d96b0e9ea60f51f26a1b55/62d96b0e9ea60f0bec6a257c_7e761470-3667-4ea5-b8f3-80282990f20c_White-on-Black+copia+(1).png]
[assets-global.website-files.com/62d96b0e9ea60f51f26a1b55/62d96b0e9ea60f75d86a256f_d416bc17-efff-4b7e-b7ad-97714bf2df5e_Eterna+Capital+.png]
[assets-global.website-files.com/62d96b0e9ea60f51f26a1b55/62d96b0e9ea60f66f56a2561_ff4afffa-a640-4b8b-bc06-55cb568bb7b1_Fairmeme+logo.png]
[assets-global.website-files.com/62d96b0e9ea60f51f26a1b55/62d96b0e9ea60f4f876a25e6_a8596a58-5de6-451e-bb36-7c6d1f978f73_Ferrum+Logo.png]
[assets-global.website-files.com/62d96b0e9ea60f51f26a1b55/62d96b0e9ea60f858b6a25a2_08a1ede6-a198-4904-ac2b-fff6f8b4cc26_Africa+Code+logo.png]
[assets-global.website-files.com/62d96b0e9ea60f51f26a1b55/62d96b0e9ea60f74c36a2564_e9c96496-93b1-465f-a817-bab8b758fb74_FLipside+Crypto.html]
[www.algorand.foundation/funding5440.html]
